{"D:\\SASA\\ITI\\ITP R2-2026\\Final Project\\Context\\context-api\\src\\core\\errors\\AppError.ts": {"path":"D:\\SASA\\ITI\\ITP R2-2026\\Final Project\\Context\\context-api\\src\\core\\errors\\AppError.ts","statementMap":{"0":{"start":{"line":6,"column":4},"end":{"line":6,"column":null}},"1":{"start":{"line":7,"column":4},"end":{"line":7,"column":null}},"2":{"start":{"line":10,"column":4},"end":{"line":10,"column":null}},"3":{"start":{"line":13,"column":4},"end":{"line":13,"column":null}},"4":{"start":{"line":1,"column":0},"end":{"line":1,"column":13}}},"fnMap":{"0":{"name":"(anonymous_0)","decl":{"start":{"line":5,"column":2},"end":{"line":5,"column":14}},"loc":{"start":{"line":5,"column":49},"end":{"line":14,"column":3}}}},"branchMap":{},"s":{"0":20,"1":20,"2":20,"3":20,"4":7},"f":{"0":20},"b":{}}
,"D:\\SASA\\ITI\\ITP R2-2026\\Final Project\\Context\\context-api\\src\\core\\middlewares\\auth.middleware.ts": {"path":"D:\\SASA\\ITI\\ITP R2-2026\\Final Project\\Context\\context-api\\src\\core\\middlewares\\auth.middleware.ts","statementMap":{"0":{"start":{"line":2,"column":0},"end":{"line":2,"column":31}},"1":{"start":{"line":3,"column":0},"end":{"line":3,"column":32}},"2":{"start":{"line":4,"column":0},"end":{"line":4,"column":55}},"3":{"start":{"line":5,"column":0},"end":{"line":5,"column":46}},"4":{"start":{"line":12,"column":13},"end":{"line":12,"column":108}},"5":{"start":{"line":14,"column":23},"end":{"line":71,"column":1}},"6":{"start":{"line":19,"column":2},"end":{"line":70,"column":3}},"7":{"start":{"line":23,"column":4},"end":{"line":25,"column":5}},"8":{"start":{"line":24,"column":6},"end":{"line":24,"column":54}},"9":{"start":{"line":28,"column":4},"end":{"line":30,"column":5}},"10":{"start":{"line":29,"column":6},"end":{"line":29,"column":39}},"11":{"start":{"line":33,"column":4},"end":{"line":35,"column":5}},"12":{"start":{"line":34,"column":6},"end":{"line":34,"column":92}},"13":{"start":{"line":38,"column":20},"end":{"line":38,"column":85}},"14":{"start":{"line":41,"column":4},"end":{"line":43,"column":5}},"15":{"start":{"line":42,"column":6},"end":{"line":42,"column":63}},"16":{"start":{"line":46,"column":24},"end":{"line":46,"column":55}},"17":{"start":{"line":47,"column":4},"end":{"line":49,"column":5}},"18":{"start":{"line":48,"column":6},"end":{"line":48,"column":91}},"19":{"start":{"line":53,"column":25},"end":{"line":53,"column":50}},"20":{"start":{"line":54,"column":29},"end":{"line":54,"column":58}},"21":{"start":{"line":55,"column":4},"end":{"line":57,"column":5}},"22":{"start":{"line":56,"column":6},"end":{"line":56,"column":78}},"23":{"start":{"line":60,"column":4},"end":{"line":62,"column":5}},"24":{"start":{"line":61,"column":6},"end":{"line":61,"column":97}},"25":{"start":{"line":65,"column":4},"end":{"line":65,"column":27}},"26":{"start":{"line":66,"column":4},"end":{"line":66,"column":11}},"27":{"start":{"line":69,"column":4},"end":{"line":69,"column":85}},"28":{"start":{"line":14,"column":13},"end":{"line":14,"column":23}}},"fnMap":{"0":{"name":"(anonymous_1)","decl":{"start":{"line":14,"column":23},"end":{"line":14,"column":28}},"loc":{"start":{"line":18,"column":19},"end":{"line":71,"column":1}}}},"branchMap":{"0":{"loc":{"start":{"line":12,"column":27},"end":{"line":12,"column":107}},"type":"cond-expr","locations":[{"start":{"line":12,"column":67},"end":{"line":12,"column":89}},{"start":{"line":12,"column":92},"end":{"line":12,"column":107}}]},"1":{"loc":{"start":{"line":23,"column":4},"end":{"line":25,"column":5}},"type":"if","locations":[{"start":{"line":23,"column":4},"end":{"line":25,"column":5}},{"start":{},"end":{}}]},"2":{"loc":{"start":{"line":28,"column":4},"end":{"line":30,"column":5}},"type":"if","locations":[{"start":{"line":28,"column":4},"end":{"line":30,"column":5}},{"start":{},"end":{}}]},"3":{"loc":{"start":{"line":28,"column":8},"end":{"line":28,"column":57}},"type":"binary-expr","locations":[{"start":{"line":28,"column":8},"end":{"line":28,"column":14}},{"start":{"line":28,"column":18},"end":{"line":28,"column":29}},{"start":{"line":28,"column":33},"end":{"line":28,"column":57}}]},"4":{"loc":{"start":{"line":33,"column":4},"end":{"line":35,"column":5}},"type":"if","locations":[{"start":{"line":33,"column":4},"end":{"line":35,"column":5}},{"start":{},"end":{}}]},"5":{"loc":{"start":{"line":41,"column":4},"end":{"line":43,"column":5}},"type":"if","locations":[{"start":{"line":41,"column":4},"end":{"line":43,"column":5}},{"start":{},"end":{}}]},"6":{"loc":{"start":{"line":47,"column":4},"end":{"line":49,"column":5}},"type":"if","locations":[{"start":{"line":47,"column":4},"end":{"line":49,"column":5}},{"start":{},"end":{}}]},"7":{"loc":{"start":{"line":53,"column":25},"end":{"line":53,"column":50}},"type":"binary-expr","locations":[{"start":{"line":53,"column":25},"end":{"line":53,"column":45}},{"start":{"line":53,"column":49},"end":{"line":53,"column":50}}]},"8":{"loc":{"start":{"line":54,"column":29},"end":{"line":54,"column":58}},"type":"binary-expr","locations":[{"start":{"line":54,"column":29},"end":{"line":54,"column":53}},{"start":{"line":54,"column":57},"end":{"line":54,"column":58}}]},"9":{"loc":{"start":{"line":55,"column":4},"end":{"line":57,"column":5}},"type":"if","locations":[{"start":{"line":55,"column":4},"end":{"line":57,"column":5}},{"start":{},"end":{}}]},"10":{"loc":{"start":{"line":60,"column":4},"end":{"line":62,"column":5}},"type":"if","locations":[{"start":{"line":60,"column":4},"end":{"line":62,"column":5}},{"start":{},"end":{}}]}},"s":{"0":1,"1":1,"2":1,"3":1,"4":1,"5":1,"6":7,"7":7,"8":5,"9":7,"10":0,"11":7,"12":2,"13":5,"14":4,"15":1,"16":3,"17":3,"18":1,"19":2,"20":2,"21":2,"22":0,"23":2,"24":1,"25":1,"26":1,"27":1,"28":1},"f":{"0":7},"b":{"0":[0,1],"1":[5,2],"2":[0,7],"3":[7,2,0],"4":[2,5],"5":[1,3],"6":[1,2],"7":[2,2],"8":[2,2],"9":[0,2],"10":[1,1]}}
,"D:\\SASA\\ITI\\ITP R2-2026\\Final Project\\Context\\context-api\\src\\core\\middlewares\\requireAdmin.middleware.ts": {"path":"D:\\SASA\\ITI\\ITP R2-2026\\Final Project\\Context\\context-api\\src\\core\\middlewares\\requireAdmin.middleware.ts","statementMap":{"0":{"start":{"line":2,"column":0},"end":{"line":2,"column":45}},"1":{"start":{"line":12,"column":28},"end":{"line":21,"column":1}},"2":{"start":{"line":17,"column":2},"end":{"line":19,"column":3}},"3":{"start":{"line":18,"column":4},"end":{"line":18,"column":null}},"4":{"start":{"line":20,"column":2},"end":{"line":20,"column":null}},"5":{"start":{"line":12,"column":13},"end":{"line":12,"column":28}}},"fnMap":{"0":{"name":"(anonymous_0)","decl":{"start":{"line":12,"column":28},"end":{"line":12,"column":null}},"loc":{"start":{"line":16,"column":10},"end":{"line":21,"column":1}}}},"branchMap":{"0":{"loc":{"start":{"line":17,"column":2},"end":{"line":19,"column":3}},"type":"if","locations":[{"start":{"line":17,"column":2},"end":{"line":19,"column":3}},{"start":{},"end":{}}]},"1":{"loc":{"start":{"line":17,"column":6},"end":{"line":17,"column":44}},"type":"binary-expr","locations":[{"start":{"line":17,"column":6},"end":{"line":17,"column":15}},{"start":{"line":17,"column":19},"end":{"line":17,"column":44}}]}},"s":{"0":1,"1":1,"2":3,"3":2,"4":1,"5":1},"f":{"0":3},"b":{"0":[2,1],"1":[3,2]}}
,"D:\\SASA\\ITI\\ITP R2-2026\\Final Project\\Context\\context-api\\src\\core\\middlewares\\token-budget.middleware.ts": {"path":"D:\\SASA\\ITI\\ITP R2-2026\\Final Project\\Context\\context-api\\src\\core\\middlewares\\token-budget.middleware.ts","statementMap":{"0":{"start":{"line":2,"column":0},"end":{"line":2,"column":null}},"1":{"start":{"line":33,"column":32},"end":{"line":109,"column":1}},"2":{"start":{"line":38,"column":17},"end":{"line":38,"column":42}},"3":{"start":{"line":40,"column":2},"end":{"line":44,"column":3}},"4":{"start":{"line":42,"column":4},"end":{"line":42,"column":null}},"5":{"start":{"line":43,"column":4},"end":{"line":43,"column":10}},"6":{"start":{"line":46,"column":17},"end":{"line":46,"column":61}},"7":{"start":{"line":48,"column":2},"end":{"line":92,"column":3}},"8":{"start":{"line":49,"column":20},"end":{"line":49,"column":34}},"9":{"start":{"line":51,"column":4},"end":{"line":61,"column":5}},"10":{"start":{"line":52,"column":6},"end":{"line":59,"column":null}},"11":{"start":{"line":60,"column":6},"end":{"line":60,"column":12}},"12":{"start":{"line":63,"column":30},"end":{"line":63,"column":80}},"13":{"start":{"line":65,"column":27},"end":{"line":65,"column":63}},"14":{"start":{"line":66,"column":29},"end":{"line":66,"column":72}},"15":{"start":{"line":67,"column":19},"end":{"line":67,"column":21}},"16":{"start":{"line":68,"column":4},"end":{"line":70,"column":5}},"17":{"start":{"line":69,"column":6},"end":{"line":69,"column":null}},"18":{"start":{"line":71,"column":4},"end":{"line":73,"column":5}},"19":{"start":{"line":72,"column":6},"end":{"line":72,"column":null}},"20":{"start":{"line":75,"column":4},"end":{"line":80,"column":null}},"21":{"start":{"line":82,"column":4},"end":{"line":90,"column":null}},"22":{"start":{"line":91,"column":4},"end":{"line":91,"column":10}},"23":{"start":{"line":95,"column":2},"end":{"line":95,"column":null}},"24":{"start":{"line":98,"column":2},"end":{"line":106,"column":null}},"25":{"start":{"line":100,"column":4},"end":{"line":105,"column":5}},"26":{"start":{"line":101,"column":25},"end":{"line":101,"column":59}},"27":{"start":{"line":102,"column":6},"end":{"line":104,"column":7}},"28":{"start":{"line":103,"column":8},"end":{"line":103,"column":null}},"29":{"start":{"line":108,"column":2},"end":{"line":108,"column":null}},"30":{"start":{"line":33,"column":13},"end":{"line":33,"column":32}}},"fnMap":{"0":{"name":"(anonymous_0)","decl":{"start":{"line":33,"column":32},"end":{"line":33,"column":37}},"loc":{"start":{"line":37,"column":19},"end":{"line":109,"column":1}}},"1":{"name":"(anonymous_1)","decl":{"start":{"line":98,"column":19},"end":{"line":98,"column":24}},"loc":{"start":{"line":98,"column":30},"end":{"line":106,"column":3}}}},"branchMap":{"0":{"loc":{"start":{"line":40,"column":2},"end":{"line":44,"column":3}},"type":"if","locations":[{"start":{"line":40,"column":2},"end":{"line":44,"column":3}},{"start":{},"end":{}}]},"1":{"loc":{"start":{"line":48,"column":2},"end":{"line":92,"column":3}},"type":"if","locations":[{"start":{"line":48,"column":2},"end":{"line":92,"column":3}},{"start":{},"end":{}}]},"2":{"loc":{"start":{"line":51,"column":4},"end":{"line":61,"column":5}},"type":"if","locations":[{"start":{"line":51,"column":4},"end":{"line":61,"column":5}},{"start":{},"end":{}}]},"3":{"loc":{"start":{"line":68,"column":4},"end":{"line":70,"column":5}},"type":"if","locations":[{"start":{"line":68,"column":4},"end":{"line":70,"column":5}},{"start":{},"end":{}}]},"4":{"loc":{"start":{"line":69,"column":43},"end":{"line":69,"column":72}},"type":"cond-expr","locations":[{"start":{"line":69,"column":64},"end":{"line":69,"column":67}},{"start":{"line":69,"column":70},"end":{"line":69,"column":72}}]},"5":{"loc":{"start":{"line":71,"column":4},"end":{"line":73,"column":5}},"type":"if","locations":[{"start":{"line":71,"column":4},"end":{"line":73,"column":5}},{"start":{},"end":{}}]},"6":{"loc":{"start":{"line":72,"column":21},"end":{"line":72,"column":44}},"type":"cond-expr","locations":[{"start":{"line":72,"column":32},"end":{"line":72,"column":39}},{"start":{"line":72,"column":42},"end":{"line":72,"column":44}}]},"7":{"loc":{"start":{"line":72,"column":73},"end":{"line":72,"column":104}},"type":"cond-expr","locations":[{"start":{"line":72,"column":96},"end":{"line":72,"column":99}},{"start":{"line":72,"column":102},"end":{"line":72,"column":104}}]},"8":{"loc":{"start":{"line":100,"column":4},"end":{"line":105,"column":5}},"type":"if","locations":[{"start":{"line":100,"column":4},"end":{"line":105,"column":5}},{"start":{},"end":{}}]},"9":{"loc":{"start":{"line":100,"column":8},"end":{"line":100,"column":53}},"type":"binary-expr","locations":[{"start":{"line":100,"column":8},"end":{"line":100,"column":29}},{"start":{"line":100,"column":33},"end":{"line":100,"column":53}}]},"10":{"loc":{"start":{"line":101,"column":25},"end":{"line":101,"column":59}},"type":"binary-expr","locations":[{"start":{"line":101,"column":25},"end":{"line":101,"column":54}},{"start":{"line":101,"column":58},"end":{"line":101,"column":59}}]},"11":{"loc":{"start":{"line":102,"column":6},"end":{"line":104,"column":7}},"type":"if","locations":[{"start":{"line":102,"column":6},"end":{"line":104,"column":7}},{"start":{},"end":{}}]}},"s":{"0":1,"1":1,"2":6,"3":6,"4":1,"5":1,"6":5,"7":5,"8":2,"9":2,"10":1,"11":1,"12":1,"13":1,"14":1,"15":1,"16":1,"17":1,"18":1,"19":0,"20":1,"21":1,"22":1,"23":3,"24":3,"25":2,"26":1,"27":1,"28":1,"29":3,"30":1},"f":{"0":6,"1":2},"b":{"0":[1,5],"1":[2,3],"2":[1,1],"3":[1,0],"4":[1,0],"5":[0,1],"6":[0,0],"7":[0,0],"8":[1,1],"9":[2,2],"10":[1,0],"11":[1,0]}}
,"D:\\SASA\\ITI\\ITP R2-2026\\Final Project\\Context\\context-api\\src\\core\\services\\token-budget.service.ts": {"path":"D:\\SASA\\ITI\\ITP R2-2026\\Final Project\\Context\\context-api\\src\\core\\services\\token-budget.service.ts","statementMap":{"0":{"start":{"line":19,"column":0},"end":{"line":19,"column":16}},"1":{"start":{"line":26,"column":0},"end":{"line":26,"column":16}},"2":{"start":{"line":39,"column":0},"end":{"line":39,"column":16}},"3":{"start":{"line":49,"column":0},"end":{"line":49,"column":16}},"4":{"start":{"line":1,"column":0},"end":{"line":1,"column":78}},"5":{"start":{"line":10,"column":13},"end":{"line":10,"column":null}},"6":{"start":{"line":11,"column":13},"end":{"line":11,"column":null}},"7":{"start":{"line":20,"column":2},"end":{"line":20,"column":null}},"8":{"start":{"line":27,"column":14},"end":{"line":27,"column":24}},"9":{"start":{"line":28,"column":19},"end":{"line":29,"column":null}},"10":{"start":{"line":31,"column":2},"end":{"line":31,"column":null}},"11":{"start":{"line":40,"column":2},"end":{"line":40,"column":null}},"12":{"start":{"line":50,"column":26},"end":{"line":50,"column":55}},"13":{"start":{"line":51,"column":22},"end":{"line":51,"column":26}},"14":{"start":{"line":52,"column":2},"end":{"line":52,"column":null}},"15":{"start":{"line":83,"column":18},"end":{"line":83,"column":31}},"16":{"start":{"line":84,"column":20},"end":{"line":84,"column":34}},"17":{"start":{"line":85,"column":25},"end":{"line":85,"column":45}},"18":{"start":{"line":87,"column":4},"end":{"line":117,"column":5}},"19":{"start":{"line":88,"column":21},"end":{"line":88,"column":76}},"20":{"start":{"line":89,"column":25},"end":{"line":89,"column":48}},"21":{"start":{"line":91,"column":27},"end":{"line":91,"column":61}},"22":{"start":{"line":92,"column":29},"end":{"line":92,"column":67}},"23":{"start":{"line":94,"column":6},"end":{"line":103,"column":null}},"24":{"start":{"line":106,"column":6},"end":{"line":106,"column":null}},"25":{"start":{"line":107,"column":6},"end":{"line":116,"column":null}},"26":{"start":{"line":126,"column":4},"end":{"line":126,"column":31}},"27":{"start":{"line":126,"column":25},"end":{"line":126,"column":31}},"28":{"start":{"line":128,"column":18},"end":{"line":128,"column":31}},"29":{"start":{"line":130,"column":4},"end":{"line":142,"column":5}},"30":{"start":{"line":131,"column":6},"end":{"line":138,"column":null}},"31":{"start":{"line":141,"column":6},"end":{"line":141,"column":null}},"32":{"start":{"line":149,"column":4},"end":{"line":168,"column":5}},"33":{"start":{"line":150,"column":27},"end":{"line":150,"column":63}},"34":{"start":{"line":151,"column":22},"end":{"line":154,"column":8}},"35":{"start":{"line":156,"column":23},"end":{"line":156,"column":24}},"36":{"start":{"line":157,"column":25},"end":{"line":157,"column":26}},"37":{"start":{"line":159,"column":6},"end":{"line":162,"column":7}},"38":{"start":{"line":160,"column":8},"end":{"line":160,"column":null}},"39":{"start":{"line":161,"column":8},"end":{"line":161,"column":null}},"40":{"start":{"line":164,"column":6},"end":{"line":164,"column":null}},"41":{"start":{"line":166,"column":6},"end":{"line":166,"column":null}},"42":{"start":{"line":167,"column":6},"end":{"line":167,"column":null}},"43":{"start":{"line":77,"column":0},"end":{"line":77,"column":13}}},"fnMap":{"0":{"name":"getTodayKey","decl":{"start":{"line":19,"column":16},"end":{"line":19,"column":27}},"loc":{"start":{"line":19,"column":27},"end":{"line":21,"column":1}}},"1":{"name":"getResetTime","decl":{"start":{"line":26,"column":16},"end":{"line":26,"column":28}},"loc":{"start":{"line":26,"column":28},"end":{"line":32,"column":1}}},"2":{"name":"estimateTokens","decl":{"start":{"line":39,"column":16},"end":{"line":39,"column":30}},"loc":{"start":{"line":39,"column":43},"end":{"line":41,"column":1}}},"3":{"name":"estimateDocumentPipelineTokens","decl":{"start":{"line":49,"column":16},"end":{"line":49,"column":46}},"loc":{"start":{"line":49,"column":62},"end":{"line":53,"column":1}}},"4":{"name":"(anonymous_4)","decl":{"start":{"line":82,"column":2},"end":{"line":82,"column":8}},"loc":{"start":{"line":82,"column":41},"end":{"line":118,"column":3}}},"5":{"name":"(anonymous_5)","decl":{"start":{"line":125,"column":2},"end":{"line":125,"column":8}},"loc":{"start":{"line":125,"column":61},"end":{"line":143,"column":3}}},"6":{"name":"(anonymous_6)","decl":{"start":{"line":148,"column":2},"end":{"line":148,"column":8}},"loc":{"start":{"line":148,"column":45},"end":{"line":169,"column":3}}}},"branchMap":{"0":{"loc":{"start":{"line":10,"column":43},"end":{"line":10,"column":87}},"type":"binary-expr","locations":[{"start":{"line":10,"column":43},"end":{"line":10,"column":76}},{"start":{"line":10,"column":80},"end":{"line":10,"column":87}}]},"1":{"loc":{"start":{"line":11,"column":45},"end":{"line":11,"column":120}},"type":"binary-expr","locations":[{"start":{"line":11,"column":45},"end":{"line":11,"column":80}},{"start":{"line":11,"column":84},"end":{"line":11,"column":120}}]},"2":{"loc":{"start":{"line":89,"column":25},"end":{"line":89,"column":48}},"type":"binary-expr","locations":[{"start":{"line":89,"column":25},"end":{"line":89,"column":43}},{"start":{"line":89,"column":47},"end":{"line":89,"column":48}}]},"3":{"loc":{"start":{"line":95,"column":17},"end":{"line":95,"column":66}},"type":"binary-expr","locations":[{"start":{"line":95,"column":17},"end":{"line":95,"column":48}},{"start":{"line":95,"column":52},"end":{"line":95,"column":66}}]},"4":{"loc":{"start":{"line":126,"column":4},"end":{"line":126,"column":31}},"type":"if","locations":[{"start":{"line":126,"column":4},"end":{"line":126,"column":31}},{"start":{},"end":{}}]}},"s":{"0":1,"1":1,"2":1,"3":1,"4":1,"5":1,"6":1,"7":0,"8":0,"9":0,"10":0,"11":0,"12":0,"13":0,"14":0,"15":0,"16":0,"17":0,"18":0,"19":0,"20":0,"21":0,"22":0,"23":0,"24":0,"25":0,"26":0,"27":0,"28":0,"29":0,"30":0,"31":0,"32":0,"33":0,"34":0,"35":0,"36":0,"37":0,"38":0,"39":0,"40":0,"41":0,"42":0,"43":1},"f":{"0":0,"1":0,"2":0,"3":0,"4":0,"5":0,"6":0},"b":{"0":[1,1],"1":[1,1],"2":[0,0],"3":[0,0],"4":[0,0]}}
,"D:\\SASA\\ITI\\ITP R2-2026\\Final Project\\Context\\context-api\\src\\features\\admin\\admin.service.ts": {"path":"D:\\SASA\\ITI\\ITP R2-2026\\Final Project\\Context\\context-api\\src\\features\\admin\\admin.service.ts","statementMap":{"0":{"start":{"line":1,"column":0},"end":{"line":1,"column":42}},"1":{"start":{"line":2,"column":0},"end":{"line":2,"column":65}},"2":{"start":{"line":3,"column":0},"end":{"line":3,"column":66}},"3":{"start":{"line":39,"column":13},"end":{"line":337,"column":null}},"4":{"start":{"line":46,"column":4},"end":{"line":46,"column":null}},"5":{"start":{"line":54,"column":18},"end":{"line":62,"column":10}},"6":{"start":{"line":64,"column":30},"end":{"line":64,"column":126}},"7":{"start":{"line":65,"column":23},"end":{"line":65,"column":80}},"8":{"start":{"line":66,"column":26},"end":{"line":66,"column":54}},"9":{"start":{"line":68,"column":27},"end":{"line":76,"column":6}},"10":{"start":{"line":79,"column":30},"end":{"line":79,"column":68}},"11":{"start":{"line":80,"column":20},"end":{"line":80,"column":43}},"12":{"start":{"line":80,"column":37},"end":{"line":80,"column":42}},"13":{"start":{"line":81,"column":23},"end":{"line":84,"column":6}},"14":{"start":{"line":86,"column":24},"end":{"line":89,"column":36}},"15":{"start":{"line":87,"column":6},"end":{"line":87,"column":null}},"16":{"start":{"line":88,"column":6},"end":{"line":88,"column":null}},"17":{"start":{"line":92,"column":29},"end":{"line":95,"column":7}},"18":{"start":{"line":92,"column":47},"end":{"line":95,"column":6}},"19":{"start":{"line":97,"column":4},"end":{"line":105,"column":null}},"20":{"start":{"line":114,"column":17},"end":{"line":114,"column":44}},"21":{"start":{"line":115,"column":4},"end":{"line":115,"column":null}},"22":{"start":{"line":115,"column":15},"end":{"line":115,"column":null}},"23":{"start":{"line":116,"column":4},"end":{"line":116,"column":null}},"24":{"start":{"line":116,"column":31},"end":{"line":116,"column":null}},"25":{"start":{"line":118,"column":4},"end":{"line":118,"column":null}},"26":{"start":{"line":119,"column":4},"end":{"line":119,"column":null}},"27":{"start":{"line":120,"column":4},"end":{"line":120,"column":null}},"28":{"start":{"line":128,"column":18},"end":{"line":130,"column":13}},"29":{"start":{"line":133,"column":30},"end":{"line":133,"column":68}},"30":{"start":{"line":134,"column":20},"end":{"line":134,"column":43}},"31":{"start":{"line":134,"column":37},"end":{"line":134,"column":42}},"32":{"start":{"line":135,"column":23},"end":{"line":138,"column":6}},"33":{"start":{"line":140,"column":24},"end":{"line":143,"column":36}},"34":{"start":{"line":141,"column":6},"end":{"line":141,"column":null}},"35":{"start":{"line":142,"column":6},"end":{"line":142,"column":null}},"36":{"start":{"line":145,"column":20},"end":{"line":152,"column":5}},"37":{"start":{"line":146,"column":17},"end":{"line":146,"column":56}},"38":{"start":{"line":148,"column":6},"end":{"line":150,"column":7}},"39":{"start":{"line":149,"column":8},"end":{"line":149,"column":null}},"40":{"start":{"line":151,"column":6},"end":{"line":151,"column":null}},"41":{"start":{"line":154,"column":19},"end":{"line":154,"column":89}},"42":{"start":{"line":155,"column":17},"end":{"line":166,"column":16}},"43":{"start":{"line":156,"column":6},"end":{"line":165,"column":17}},"44":{"start":{"line":168,"column":4},"end":{"line":168,"column":null}},"45":{"start":{"line":176,"column":16},"end":{"line":176,"column":26}},"46":{"start":{"line":177,"column":28},"end":{"line":177,"column":90}},"47":{"start":{"line":178,"column":21},"end":{"line":178,"column":64}},"48":{"start":{"line":181,"column":23},"end":{"line":194,"column":6}},"49":{"start":{"line":196,"column":33},"end":{"line":196,"column":64}},"50":{"start":{"line":197,"column":35},"end":{"line":197,"column":68}},"51":{"start":{"line":200,"column":24},"end":{"line":215,"column":6}},"52":{"start":{"line":218,"column":20},"end":{"line":218,"column":49}},"53":{"start":{"line":218,"column":43},"end":{"line":218,"column":48}},"54":{"start":{"line":219,"column":18},"end":{"line":219,"column":92}},"55":{"start":{"line":220,"column":20},"end":{"line":223,"column":33}},"56":{"start":{"line":221,"column":6},"end":{"line":221,"column":null}},"57":{"start":{"line":222,"column":6},"end":{"line":222,"column":null}},"58":{"start":{"line":225,"column":21},"end":{"line":231,"column":7}},"59":{"start":{"line":225,"column":45},"end":{"line":231,"column":6}},"60":{"start":{"line":234,"column":26},"end":{"line":234,"column":76}},"61":{"start":{"line":235,"column":26},"end":{"line":235,"column":67}},"62":{"start":{"line":237,"column":21},"end":{"line":251,"column":6}},"63":{"start":{"line":253,"column":23},"end":{"line":257,"column":7}},"64":{"start":{"line":253,"column":44},"end":{"line":257,"column":6}},"65":{"start":{"line":260,"column":25},"end":{"line":268,"column":6}},"66":{"start":{"line":270,"column":25},"end":{"line":276,"column":33}},"67":{"start":{"line":271,"column":6},"end":{"line":274,"column":null}},"68":{"start":{"line":275,"column":6},"end":{"line":275,"column":null}},"69":{"start":{"line":279,"column":25},"end":{"line":279,"column":27}},"70":{"start":{"line":280,"column":4},"end":{"line":305,"column":5}},"71":{"start":{"line":280,"column":17},"end":{"line":280,"column":18}},"72":{"start":{"line":281,"column":16},"end":{"line":281,"column":66}},"73":{"start":{"line":282,"column":23},"end":{"line":282,"column":88}},"74":{"start":{"line":284,"column":6},"end":{"line":304,"column":7}},"75":{"start":{"line":286,"column":8},"end":{"line":290,"column":null}},"76":{"start":{"line":291,"column":13},"end":{"line":304,"column":7}},"77":{"start":{"line":292,"column":8},"end":{"line":296,"column":null}},"78":{"start":{"line":298,"column":31},"end":{"line":298,"column":49}},"79":{"start":{"line":299,"column":8},"end":{"line":303,"column":null}},"80":{"start":{"line":307,"column":4},"end":{"line":313,"column":null}},"81":{"start":{"line":321,"column":26},"end":{"line":321,"column":73}},"82":{"start":{"line":322,"column":26},"end":{"line":322,"column":67}},"83":{"start":{"line":324,"column":20},"end":{"line":329,"column":13}},"84":{"start":{"line":331,"column":4},"end":{"line":335,"column":null}},"85":{"start":{"line":331,"column":31},"end":{"line":335,"column":6}}},"fnMap":{"0":{"name":"(anonymous_0)","decl":{"start":{"line":45,"column":2},"end":{"line":45,"column":7}},"loc":{"start":{"line":45,"column":16},"end":{"line":47,"column":3}}},"1":{"name":"(anonymous_1)","decl":{"start":{"line":53,"column":2},"end":{"line":53,"column":7}},"loc":{"start":{"line":53,"column":112},"end":{"line":106,"column":3}}},"2":{"name":"(anonymous_2)","decl":{"start":{"line":80,"column":30},"end":{"line":80,"column":31}},"loc":{"start":{"line":80,"column":37},"end":{"line":80,"column":42}}},"3":{"name":"(anonymous_3)","decl":{"start":{"line":86,"column":52},"end":{"line":86,"column":53}},"loc":{"start":{"line":86,"column":95},"end":{"line":89,"column":5}}},"4":{"name":"(anonymous_4)","decl":{"start":{"line":92,"column":39},"end":{"line":92,"column":40}},"loc":{"start":{"line":92,"column":47},"end":{"line":95,"column":6}}},"5":{"name":"(anonymous_5)","decl":{"start":{"line":113,"column":2},"end":{"line":113,"column":7}},"loc":{"start":{"line":113,"column":54},"end":{"line":121,"column":3}}},"6":{"name":"(anonymous_6)","decl":{"start":{"line":127,"column":2},"end":{"line":127,"column":7}},"loc":{"start":{"line":127,"column":22},"end":{"line":169,"column":3}}},"7":{"name":"(anonymous_7)","decl":{"start":{"line":134,"column":30},"end":{"line":134,"column":31}},"loc":{"start":{"line":134,"column":37},"end":{"line":134,"column":42}}},"8":{"name":"(anonymous_8)","decl":{"start":{"line":140,"column":52},"end":{"line":140,"column":53}},"loc":{"start":{"line":140,"column":95},"end":{"line":143,"column":5}}},"9":{"name":"(anonymous_9)","decl":{"start":{"line":145,"column":20},"end":{"line":145,"column":21}},"loc":{"start":{"line":145,"column":35},"end":{"line":152,"column":5}}},"10":{"name":"(anonymous_10)","decl":{"start":{"line":155,"column":27},"end":{"line":155,"column":28}},"loc":{"start":{"line":156,"column":6},"end":{"line":165,"column":17}}},"11":{"name":"(anonymous_11)","decl":{"start":{"line":175,"column":2},"end":{"line":175,"column":7}},"loc":{"start":{"line":175,"column":18},"end":{"line":314,"column":3}}},"12":{"name":"(anonymous_12)","decl":{"start":{"line":218,"column":36},"end":{"line":218,"column":37}},"loc":{"start":{"line":218,"column":43},"end":{"line":218,"column":48}}},"13":{"name":"(anonymous_13)","decl":{"start":{"line":220,"column":33},"end":{"line":220,"column":34}},"loc":{"start":{"line":220,"column":44},"end":{"line":223,"column":5}}},"14":{"name":"(anonymous_14)","decl":{"start":{"line":225,"column":37},"end":{"line":225,"column":38}},"loc":{"start":{"line":225,"column":45},"end":{"line":231,"column":6}}},"15":{"name":"(anonymous_15)","decl":{"start":{"line":253,"column":36},"end":{"line":253,"column":37}},"loc":{"start":{"line":253,"column":44},"end":{"line":257,"column":6}}},"16":{"name":"(anonymous_16)","decl":{"start":{"line":270,"column":45},"end":{"line":270,"column":46}},"loc":{"start":{"line":270,"column":85},"end":{"line":276,"column":5}}},"17":{"name":"(anonymous_17)","decl":{"start":{"line":320,"column":2},"end":{"line":320,"column":7}},"loc":{"start":{"line":320,"column":37},"end":{"line":336,"column":3}}},"18":{"name":"(anonymous_18)","decl":{"start":{"line":331,"column":23},"end":{"line":331,"column":24}},"loc":{"start":{"line":331,"column":31},"end":{"line":335,"column":6}}}},"branchMap":{"0":{"loc":{"start":{"line":53,"column":19},"end":{"line":53,"column":30}},"type":"default-arg","locations":[{"start":{"line":53,"column":28},"end":{"line":53,"column":30}}]},"1":{"loc":{"start":{"line":53,"column":32},"end":{"line":53,"column":40}},"type":"default-arg","locations":[{"start":{"line":53,"column":39},"end":{"line":53,"column":40}}]},"2":{"loc":{"start":{"line":53,"column":42},"end":{"line":53,"column":52}},"type":"default-arg","locations":[{"start":{"line":53,"column":50},"end":{"line":53,"column":52}}]},"3":{"loc":{"start":{"line":53,"column":54},"end":{"line":53,"column":74}},"type":"default-arg","locations":[{"start":{"line":53,"column":63},"end":{"line":53,"column":74}}]},"4":{"loc":{"start":{"line":53,"column":76},"end":{"line":53,"column":94}},"type":"default-arg","locations":[{"start":{"line":53,"column":88},"end":{"line":53,"column":94}}]},"5":{"loc":{"start":{"line":54,"column":18},"end":{"line":62,"column":10}},"type":"cond-expr","locations":[{"start":{"line":55,"column":8},"end":{"line":61,"column":null}},{"start":{"line":62,"column":8},"end":{"line":62,"column":10}}]},"6":{"loc":{"start":{"line":65,"column":23},"end":{"line":65,"column":80}},"type":"cond-expr","locations":[{"start":{"line":65,"column":60},"end":{"line":65,"column":66}},{"start":{"line":65,"column":69},"end":{"line":65,"column":80}}]},"7":{"loc":{"start":{"line":66,"column":26},"end":{"line":66,"column":54}},"type":"cond-expr","locations":[{"start":{"line":66,"column":48},"end":{"line":66,"column":49}},{"start":{"line":66,"column":52},"end":{"line":66,"column":54}}]},"8":{"loc":{"start":{"line":94,"column":24},"end":{"line":94,"column":57}},"type":"binary-expr","locations":[{"start":{"line":94,"column":24},"end":{"line":94,"column":52}},{"start":{"line":94,"column":56},"end":{"line":94,"column":57}}]},"9":{"loc":{"start":{"line":115,"column":4},"end":{"line":115,"column":null}},"type":"if","locations":[{"start":{"line":115,"column":4},"end":{"line":115,"column":null}},{"start":{},"end":{}}]},"10":{"loc":{"start":{"line":116,"column":4},"end":{"line":116,"column":null}},"type":"if","locations":[{"start":{"line":116,"column":4},"end":{"line":116,"column":null}},{"start":{},"end":{}}]},"11":{"loc":{"start":{"line":146,"column":24},"end":{"line":146,"column":35}},"type":"binary-expr","locations":[{"start":{"line":146,"column":24},"end":{"line":146,"column":29}},{"start":{"line":146,"column":33},"end":{"line":146,"column":35}}]},"12":{"loc":{"start":{"line":148,"column":6},"end":{"line":150,"column":7}},"type":"if","locations":[{"start":{"line":148,"column":6},"end":{"line":150,"column":7}},{"start":{},"end":{}}]},"13":{"loc":{"start":{"line":160,"column":16},"end":{"line":160,"column":32}},"type":"binary-expr","locations":[{"start":{"line":160,"column":16},"end":{"line":160,"column":22}},{"start":{"line":160,"column":26},"end":{"line":160,"column":32}}]},"14":{"loc":{"start":{"line":161,"column":17},"end":{"line":161,"column":55}},"type":"binary-expr","locations":[{"start":{"line":161,"column":17},"end":{"line":161,"column":45}},{"start":{"line":161,"column":49},"end":{"line":161,"column":55}}]},"15":{"loc":{"start":{"line":162,"column":18},"end":{"line":162,"column":51}},"type":"binary-expr","locations":[{"start":{"line":162,"column":18},"end":{"line":162,"column":46}},{"start":{"line":162,"column":50},"end":{"line":162,"column":51}}]},"16":{"loc":{"start":{"line":163,"column":16},"end":{"line":163,"column":44}},"type":"cond-expr","locations":[{"start":{"line":163,"column":32},"end":{"line":163,"column":37}},{"start":{"line":163,"column":40},"end":{"line":163,"column":44}}]},"17":{"loc":{"start":{"line":196,"column":33},"end":{"line":196,"column":64}},"type":"binary-expr","locations":[{"start":{"line":196,"column":33},"end":{"line":196,"column":59}},{"start":{"line":196,"column":63},"end":{"line":196,"column":64}}]},"18":{"loc":{"start":{"line":197,"column":35},"end":{"line":197,"column":68}},"type":"binary-expr","locations":[{"start":{"line":197,"column":35},"end":{"line":197,"column":63}},{"start":{"line":197,"column":67},"end":{"line":197,"column":68}}]},"19":{"loc":{"start":{"line":227,"column":16},"end":{"line":227,"column":64}},"type":"binary-expr","locations":[{"start":{"line":227,"column":16},"end":{"line":227,"column":51}},{"start":{"line":227,"column":55},"end":{"line":227,"column":64}}]},"20":{"loc":{"start":{"line":228,"column":13},"end":{"line":228,"column":58}},"type":"binary-expr","locations":[{"start":{"line":228,"column":13},"end":{"line":228,"column":45}},{"start":{"line":228,"column":49},"end":{"line":228,"column":58}}]},"21":{"loc":{"start":{"line":284,"column":6},"end":{"line":304,"column":7}},"type":"if","locations":[{"start":{"line":284,"column":6},"end":{"line":304,"column":7}},{"start":{"line":291,"column":13},"end":{"line":304,"column":7}}]},"22":{"loc":{"start":{"line":291,"column":13},"end":{"line":304,"column":7}},"type":"if","locations":[{"start":{"line":291,"column":13},"end":{"line":304,"column":7}},{"start":{"line":297,"column":13},"end":{"line":304,"column":7}}]}},"s":{"0":1,"1":1,"2":1,"3":1,"4":1,"5":4,"6":4,"7":4,"8":4,"9":4,"10":4,"11":4,"12":8,"13":4,"14":4,"15":4,"16":4,"17":4,"18":8,"19":4,"20":3,"21":3,"22":1,"23":2,"24":1,"25":1,"26":1,"27":1,"28":1,"29":1,"30":1,"31":2,"32":1,"33":1,"34":1,"35":1,"36":1,"37":16,"38":16,"39":0,"40":16,"41":1,"42":1,"43":2,"44":1,"45":1,"46":1,"47":1,"48":1,"49":1,"50":1,"51":1,"52":1,"53":1,"54":1,"55":1,"56":1,"57":1,"58":1,"59":1,"60":1,"61":1,"62":1,"63":1,"64":1,"65":1,"66":1,"67":1,"68":1,"69":1,"70":1,"71":1,"72":6,"73":6,"74":6,"75":1,"76":5,"77":0,"78":5,"79":5,"80":1,"81":1,"82":1,"83":1,"84":1,"85":1},"f":{"0":1,"1":4,"2":8,"3":4,"4":8,"5":3,"6":1,"7":2,"8":1,"9":16,"10":2,"11":1,"12":1,"13":1,"14":1,"15":1,"16":1,"17":1,"18":1},"b":{"0":[3],"1":[3],"2":[3],"3":[2],"4":[2],"5":[1,3],"6":[3,1],"7":[1,3],"8":[8,4],"9":[1,2],"10":[1,1],"11":[16,0],"12":[0,16],"13":[2,1],"14":[2,1],"15":[2,1],"16":[1,1],"17":[1,0],"18":[1,0],"19":[1,0],"20":[1,0],"21":[1,5],"22":[0,5]}}
,"D:\\SASA\\ITI\\ITP R2-2026\\Final Project\\Context\\context-api\\src\\features\\ai\\agents\\cognitive-load.service.ts": {"path":"D:\\SASA\\ITI\\ITP R2-2026\\Final Project\\Context\\context-api\\src\\features\\ai\\agents\\cognitive-load.service.ts","statementMap":{"0":{"start":{"line":1,"column":0},"end":{"line":1,"column":46}},"1":{"start":{"line":2,"column":0},"end":{"line":2,"column":70}},"2":{"start":{"line":4,"column":0},"end":{"line":4,"column":23}},"3":{"start":{"line":5,"column":0},"end":{"line":5,"column":62}},"4":{"start":{"line":8,"column":28},"end":{"line":16,"column":2}},"5":{"start":{"line":22,"column":25},"end":{"line":26,"column":2}},"6":{"start":{"line":28,"column":29},"end":{"line":28,"column":87}},"7":{"start":{"line":37,"column":36},"end":{"line":37,"column":56}},"8":{"start":{"line":47,"column":4},"end":{"line":47,"column":null}},"9":{"start":{"line":54,"column":4},"end":{"line":56,"column":5}},"10":{"start":{"line":55,"column":6},"end":{"line":55,"column":null}},"11":{"start":{"line":59,"column":23},"end":{"line":59,"column":46}},"12":{"start":{"line":61,"column":26},"end":{"line":65,"column":6}},"13":{"start":{"line":67,"column":25},"end":{"line":67,"column":74}},"14":{"start":{"line":69,"column":4},"end":{"line":74,"column":5}},"15":{"start":{"line":70,"column":6},"end":{"line":70,"column":null}},"16":{"start":{"line":72,"column":6},"end":{"line":72,"column":null}},"17":{"start":{"line":73,"column":6},"end":{"line":73,"column":null}},"18":{"start":{"line":81,"column":4},"end":{"line":81,"column":null}},"19":{"start":{"line":83,"column":25},"end":{"line":89,"column":6}},"20":{"start":{"line":91,"column":4},"end":{"line":91,"column":null}},"21":{"start":{"line":93,"column":23},"end":{"line":93,"column":24}},"22":{"start":{"line":95,"column":4},"end":{"line":109,"column":5}},"23":{"start":{"line":96,"column":6},"end":{"line":96,"column":null}},"24":{"start":{"line":98,"column":23},"end":{"line":98,"column":65}},"25":{"start":{"line":100,"column":6},"end":{"line":100,"column":null}},"26":{"start":{"line":101,"column":6},"end":{"line":101,"column":null}},"27":{"start":{"line":102,"column":6},"end":{"line":102,"column":null}},"28":{"start":{"line":104,"column":6},"end":{"line":104,"column":null}},"29":{"start":{"line":105,"column":6},"end":{"line":105,"column":null}},"30":{"start":{"line":108,"column":6},"end":{"line":108,"column":null}},"31":{"start":{"line":108,"column":37},"end":{"line":108,"column":61}},"32":{"start":{"line":111,"column":4},"end":{"line":111,"column":null}},"33":{"start":{"line":30,"column":0},"end":{"line":30,"column":13}}},"fnMap":{"0":{"name":"(anonymous_0)","decl":{"start":{"line":46,"column":2},"end":{"line":46,"column":8}},"loc":{"start":{"line":46,"column":29},"end":{"line":48,"column":3}}},"1":{"name":"(anonymous_1)","decl":{"start":{"line":53,"column":2},"end":{"line":53,"column":8}},"loc":{"start":{"line":53,"column":52},"end":{"line":75,"column":3}}},"2":{"name":"(anonymous_2)","decl":{"start":{"line":80,"column":2},"end":{"line":80,"column":8}},"loc":{"start":{"line":80,"column":40},"end":{"line":112,"column":3}}},"3":{"name":"(anonymous_3)","decl":{"start":{"line":108,"column":24},"end":{"line":108,"column":25}},"loc":{"start":{"line":108,"column":37},"end":{"line":108,"column":61}}}},"branchMap":{"0":{"loc":{"start":{"line":54,"column":4},"end":{"line":56,"column":5}},"type":"if","locations":[{"start":{"line":54,"column":4},"end":{"line":56,"column":5}},{"start":{},"end":{}}]},"1":{"loc":{"start":{"line":54,"column":8},"end":{"line":54,"column":41}},"type":"binary-expr","locations":[{"start":{"line":54,"column":8},"end":{"line":54,"column":13}},{"start":{"line":54,"column":17},"end":{"line":54,"column":41}}]}},"s":{"0":2,"1":2,"2":2,"3":2,"4":2,"5":2,"6":2,"7":2,"8":6,"9":6,"10":3,"11":3,"12":3,"13":3,"14":3,"15":3,"16":1,"17":1,"18":0,"19":0,"20":0,"21":0,"22":0,"23":0,"24":0,"25":0,"26":0,"27":0,"28":0,"29":0,"30":0,"31":0,"32":0,"33":2},"f":{"0":6,"1":6,"2":0,"3":0},"b":{"0":[3,3],"1":[6,4]}}
,"D:\\SASA\\ITI\\ITP R2-2026\\Final Project\\Context\\context-api\\src\\features\\ai\\agents\\orchestrator.service.ts": {"path":"D:\\SASA\\ITI\\ITP R2-2026\\Final Project\\Context\\context-api\\src\\features\\ai\\agents\\orchestrator.service.ts","statementMap":{"0":{"start":{"line":1,"column":0},"end":{"line":1,"column":23}},"1":{"start":{"line":2,"column":0},"end":{"line":2,"column":44}},"2":{"start":{"line":3,"column":0},"end":{"line":3,"column":46}},"3":{"start":{"line":5,"column":0},"end":{"line":5,"column":64}},"4":{"start":{"line":6,"column":0},"end":{"line":6,"column":83}},"5":{"start":{"line":21,"column":33},"end":{"line":25,"column":2}},"6":{"start":{"line":32,"column":41},"end":{"line":32,"column":65}},"7":{"start":{"line":40,"column":4},"end":{"line":40,"column":null}},"8":{"start":{"line":47,"column":36},"end":{"line":60,"column":null}},"9":{"start":{"line":50,"column":6},"end":{"line":50,"column":null}},"10":{"start":{"line":63,"column":38},"end":{"line":77,"column":null}},"11":{"start":{"line":65,"column":6},"end":{"line":65,"column":null}},"12":{"start":{"line":80,"column":32},"end":{"line":90,"column":null}},"13":{"start":{"line":82,"column":6},"end":{"line":82,"column":null}},"14":{"start":{"line":109,"column":18},"end":{"line":109,"column":85}},"15":{"start":{"line":112,"column":51},"end":{"line":120,"column":null}},"16":{"start":{"line":122,"column":24},"end":{"line":122,"column":90}},"17":{"start":{"line":124,"column":25},"end":{"line":145,"column":6}},"18":{"start":{"line":151,"column":18},"end":{"line":154,"column":6}},"19":{"start":{"line":159,"column":4},"end":{"line":187,"column":5}},"20":{"start":{"line":160,"column":6},"end":{"line":170,"column":null}},"21":{"start":{"line":173,"column":25},"end":{"line":173,"column":62}},"22":{"start":{"line":174,"column":24},"end":{"line":174,"column":57}},"23":{"start":{"line":176,"column":21},"end":{"line":176,"column":46}},"24":{"start":{"line":177,"column":6},"end":{"line":183,"column":7}},"25":{"start":{"line":178,"column":8},"end":{"line":180,"column":null}},"26":{"start":{"line":182,"column":8},"end":{"line":182,"column":null}},"27":{"start":{"line":185,"column":6},"end":{"line":185,"column":null}},"28":{"start":{"line":186,"column":6},"end":{"line":186,"column":null}},"29":{"start":{"line":193,"column":48},"end":{"line":195,"column":null}},"30":{"start":{"line":197,"column":21},"end":{"line":197,"column":38}},"31":{"start":{"line":198,"column":4},"end":{"line":213,"column":5}},"32":{"start":{"line":199,"column":6},"end":{"line":212,"column":7}},"33":{"start":{"line":200,"column":8},"end":{"line":211,"column":9}},"34":{"start":{"line":201,"column":10},"end":{"line":204,"column":11}},"35":{"start":{"line":202,"column":12},"end":{"line":202,"column":null}},"36":{"start":{"line":203,"column":12},"end":{"line":203,"column":null}},"37":{"start":{"line":205,"column":10},"end":{"line":207,"column":11}},"38":{"start":{"line":206,"column":12},"end":{"line":206,"column":null}},"39":{"start":{"line":208,"column":10},"end":{"line":210,"column":11}},"40":{"start":{"line":209,"column":12},"end":{"line":209,"column":null}},"41":{"start":{"line":215,"column":4},"end":{"line":220,"column":null}},"42":{"start":{"line":27,"column":0},"end":{"line":27,"column":13}}},"fnMap":{"0":{"name":"(anonymous_0)","decl":{"start":{"line":39,"column":2},"end":{"line":39,"column":8}},"loc":{"start":{"line":39,"column":34},"end":{"line":41,"column":3}}},"1":{"name":"(anonymous_1)","decl":{"start":{"line":48,"column":4},"end":{"line":48,"column":9}},"loc":{"start":{"line":48,"column":19},"end":{"line":51,"column":5}}},"2":{"name":"(anonymous_2)","decl":{"start":{"line":64,"column":4},"end":{"line":64,"column":9}},"loc":{"start":{"line":64,"column":19},"end":{"line":66,"column":5}}},"3":{"name":"(anonymous_3)","decl":{"start":{"line":81,"column":4},"end":{"line":81,"column":9}},"loc":{"start":{"line":81,"column":19},"end":{"line":83,"column":5}}},"4":{"name":"(anonymous_4)","decl":{"start":{"line":104,"column":9},"end":{"line":104,"column":15}},"loc":{"start":{"line":107,"column":31},"end":{"line":221,"column":3}}}},"branchMap":{"0":{"loc":{"start":{"line":107,"column":4},"end":{"line":107,"column":31}},"type":"default-arg","locations":[{"start":{"line":107,"column":22},"end":{"line":107,"column":31}}]},"1":{"loc":{"start":{"line":122,"column":24},"end":{"line":122,"column":90}},"type":"binary-expr","locations":[{"start":{"line":122,"column":24},"end":{"line":122,"column":61}},{"start":{"line":122,"column":65},"end":{"line":122,"column":90}}]},"2":{"loc":{"start":{"line":177,"column":6},"end":{"line":183,"column":7}},"type":"if","locations":[{"start":{"line":177,"column":6},"end":{"line":183,"column":7}},{"start":{"line":181,"column":13},"end":{"line":183,"column":7}}]},"3":{"loc":{"start":{"line":199,"column":6},"end":{"line":212,"column":7}},"type":"if","locations":[{"start":{"line":199,"column":6},"end":{"line":212,"column":7}},{"start":{},"end":{}}]},"4":{"loc":{"start":{"line":199,"column":10},"end":{"line":199,"column":44}},"type":"binary-expr","locations":[{"start":{"line":199,"column":10},"end":{"line":199,"column":26}},{"start":{"line":199,"column":30},"end":{"line":199,"column":44}}]},"5":{"loc":{"start":{"line":201,"column":10},"end":{"line":204,"column":11}},"type":"if","locations":[{"start":{"line":201,"column":10},"end":{"line":204,"column":11}},{"start":{},"end":{}}]},"6":{"loc":{"start":{"line":205,"column":10},"end":{"line":207,"column":11}},"type":"if","locations":[{"start":{"line":205,"column":10},"end":{"line":207,"column":11}},{"start":{},"end":{}}]},"7":{"loc":{"start":{"line":208,"column":10},"end":{"line":210,"column":11}},"type":"if","locations":[{"start":{"line":208,"column":10},"end":{"line":210,"column":11}},{"start":{},"end":{}}]},"8":{"loc":{"start":{"line":216,"column":12},"end":{"line":216,"column":42}},"type":"binary-expr","locations":[{"start":{"line":216,"column":12},"end":{"line":216,"column":25}},{"start":{"line":216,"column":29},"end":{"line":216,"column":42}}]},"9":{"loc":{"start":{"line":217,"column":15},"end":{"line":217,"column":68}},"type":"binary-expr","locations":[{"start":{"line":217,"column":15},"end":{"line":217,"column":31}},{"start":{"line":217,"column":35},"end":{"line":217,"column":68}}]},"10":{"loc":{"start":{"line":218,"column":12},"end":{"line":218,"column":89}},"type":"cond-expr","locations":[{"start":{"line":218,"column":56},"end":{"line":218,"column":69}},{"start":{"line":218,"column":72},"end":{"line":218,"column":89}}]},"11":{"loc":{"start":{"line":218,"column":12},"end":{"line":218,"column":53}},"type":"binary-expr","locations":[{"start":{"line":218,"column":12},"end":{"line":218,"column":25}},{"start":{"line":218,"column":29},"end":{"line":218,"column":53}}]},"12":{"loc":{"start":{"line":219,"column":21},"end":{"line":219,"column":55}},"type":"binary-expr","locations":[{"start":{"line":219,"column":21},"end":{"line":219,"column":43}},{"start":{"line":219,"column":47},"end":{"line":219,"column":55}}]}},"s":{"0":2,"1":2,"2":2,"3":2,"4":2,"5":2,"6":2,"7":4,"8":2,"9":0,"10":2,"11":0,"12":2,"13":0,"14":4,"15":4,"16":4,"17":4,"18":4,"19":4,"20":4,"21":3,"22":3,"23":3,"24":3,"25":2,"26":1,"27":1,"28":1,"29":3,"30":3,"31":3,"32":2,"33":2,"34":6,"35":2,"36":2,"37":6,"38":2,"39":6,"40":2,"41":3,"42":2},"f":{"0":4,"1":0,"2":0,"3":0,"4":4},"b":{"0":[4],"1":[4,0],"2":[2,1],"3":[2,0],"4":[2,2],"5":[2,4],"6":[2,4],"7":[2,4],"8":[3,1],"9":[3,1],"10":[2,1],"11":[3,3],"12":[3,1]}}
,"D:\\SASA\\ITI\\ITP R2-2026\\Final Project\\Context\\context-api\\src\\features\\ai\\agents\\synthesizer.service.ts": {"path":"D:\\SASA\\ITI\\ITP R2-2026\\Final Project\\Context\\context-api\\src\\features\\ai\\agents\\synthesizer.service.ts","statementMap":{"0":{"start":{"line":1,"column":0},"end":{"line":1,"column":46}},"1":{"start":{"line":3,"column":0},"end":{"line":3,"column":60}},"2":{"start":{"line":4,"column":0},"end":{"line":4,"column":67}},"3":{"start":{"line":7,"column":32},"end":{"line":11,"column":2}},"4":{"start":{"line":18,"column":41},"end":{"line":18,"column":64}},"5":{"start":{"line":26,"column":4},"end":{"line":26,"column":null}},"6":{"start":{"line":30,"column":19},"end":{"line":48,"column":6}},"7":{"start":{"line":50,"column":18},"end":{"line":50,"column":105}},"8":{"start":{"line":52,"column":21},"end":{"line":54,"column":6}},"9":{"start":{"line":56,"column":4},"end":{"line":56,"column":null}},"10":{"start":{"line":13,"column":0},"end":{"line":13,"column":13}}},"fnMap":{"0":{"name":"(anonymous_0)","decl":{"start":{"line":25,"column":2},"end":{"line":25,"column":8}},"loc":{"start":{"line":25,"column":34},"end":{"line":27,"column":3}}},"1":{"name":"(anonymous_1)","decl":{"start":{"line":29,"column":2},"end":{"line":29,"column":8}},"loc":{"start":{"line":29,"column":56},"end":{"line":57,"column":3}}}},"branchMap":{},"s":{"0":1,"1":1,"2":1,"3":1,"4":1,"5":4,"6":4,"7":4,"8":4,"9":3,"10":1},"f":{"0":4,"1":4},"b":{}}
,"D:\\SASA\\ITI\\ITP R2-2026\\Final Project\\Context\\context-api\\src\\features\\ai\\agents\\visual-cortex.service.ts": {"path":"D:\\SASA\\ITI\\ITP R2-2026\\Final Project\\Context\\context-api\\src\\features\\ai\\agents\\visual-cortex.service.ts","statementMap":{"0":{"start":{"line":1,"column":0},"end":{"line":1,"column":46}},"1":{"start":{"line":3,"column":0},"end":{"line":3,"column":55}},"2":{"start":{"line":8,"column":34},"end":{"line":16,"column":2}},"3":{"start":{"line":19,"column":35},"end":{"line":24,"column":2}},"4":{"start":{"line":31,"column":43},"end":{"line":31,"column":68}},"5":{"start":{"line":32,"column":44},"end":{"line":32,"column":70}},"6":{"start":{"line":41,"column":4},"end":{"line":41,"column":null}},"7":{"start":{"line":42,"column":4},"end":{"line":42,"column":null}},"8":{"start":{"line":52,"column":23},"end":{"line":56,"column":null}},"9":{"start":{"line":58,"column":20},"end":{"line":69,"column":6}},"10":{"start":{"line":74,"column":4},"end":{"line":105,"column":5}},"11":{"start":{"line":75,"column":6},"end":{"line":75,"column":null}},"12":{"start":{"line":80,"column":23},"end":{"line":80,"column":92}},"13":{"start":{"line":81,"column":6},"end":{"line":81,"column":null}},"14":{"start":{"line":83,"column":6},"end":{"line":83,"column":null}},"15":{"start":{"line":84,"column":6},"end":{"line":87,"column":null}},"16":{"start":{"line":92,"column":6},"end":{"line":104,"column":7}},"17":{"start":{"line":93,"column":8},"end":{"line":93,"column":null}},"18":{"start":{"line":97,"column":33},"end":{"line":97,"column":103}},"19":{"start":{"line":98,"column":8},"end":{"line":98,"column":null}},"20":{"start":{"line":100,"column":8},"end":{"line":100,"column":null}},"21":{"start":{"line":101,"column":8},"end":{"line":103,"column":null}},"22":{"start":{"line":26,"column":0},"end":{"line":26,"column":13}}},"fnMap":{"0":{"name":"(anonymous_0)","decl":{"start":{"line":40,"column":2},"end":{"line":40,"column":8}},"loc":{"start":{"line":40,"column":61},"end":{"line":43,"column":3}}},"1":{"name":"(anonymous_1)","decl":{"start":{"line":48,"column":2},"end":{"line":48,"column":8}},"loc":{"start":{"line":50,"column":35},"end":{"line":106,"column":3}}}},"branchMap":{"0":{"loc":{"start":{"line":13,"column":9},"end":{"line":13,"column":93}},"type":"binary-expr","locations":[{"start":{"line":13,"column":9},"end":{"line":13,"column":46}},{"start":{"line":13,"column":50},"end":{"line":13,"column":93}}]},"1":{"loc":{"start":{"line":50,"column":4},"end":{"line":50,"column":35}},"type":"default-arg","locations":[{"start":{"line":50,"column":23},"end":{"line":50,"column":35}}]},"2":{"loc":{"start":{"line":86,"column":8},"end":{"line":86,"column":78}},"type":"cond-expr","locations":[{"start":{"line":86,"column":40},"end":{"line":86,"column":60}},{"start":{"line":86,"column":63},"end":{"line":86,"column":78}}]}},"s":{"0":2,"1":2,"2":2,"3":2,"4":2,"5":2,"6":4,"7":4,"8":4,"9":4,"10":4,"11":4,"12":4,"13":1,"14":3,"15":3,"16":3,"17":3,"18":3,"19":2,"20":1,"21":1,"22":2},"f":{"0":4,"1":4},"b":{"0":[2,2],"1":[3],"2":[3,0]}}
,"D:\\SASA\\ITI\\ITP R2-2026\\Final Project\\Context\\context-api\\src\\features\\ai\\models\\chat.model.ts": {"path":"D:\\SASA\\ITI\\ITP R2-2026\\Final Project\\Context\\context-api\\src\\features\\ai\\models\\chat.model.ts","statementMap":{"0":{"start":{"line":1,"column":0},"end":{"line":1,"column":53}},"1":{"start":{"line":11,"column":26},"end":{"line":18,"column":null}},"2":{"start":{"line":22,"column":0},"end":{"line":22,"column":null}},"3":{"start":{"line":24,"column":13},"end":{"line":24,"column":null}}},"fnMap":{},"branchMap":{},"s":{"0":3,"1":3,"2":3,"3":3},"f":{},"b":{}}
,"D:\\SASA\\ITI\\ITP R2-2026\\Final Project\\Context\\context-api\\src\\features\\ai\\models\\token-budget.model.ts": {"path":"D:\\SASA\\ITI\\ITP R2-2026\\Final Project\\Context\\context-api\\src\\features\\ai\\models\\token-budget.model.ts","statementMap":{"0":{"start":{"line":1,"column":0},"end":{"line":1,"column":60}},"1":{"start":{"line":16,"column":26},"end":{"line":40,"column":2}},"2":{"start":{"line":45,"column":0},"end":{"line":45,"column":null}},"3":{"start":{"line":48,"column":0},"end":{"line":48,"column":null}},"4":{"start":{"line":52,"column":13},"end":{"line":55,"column":null}}},"fnMap":{},"branchMap":{},"s":{"0":1,"1":1,"2":1,"3":1,"4":1},"f":{},"b":{}}
,"D:\\SASA\\ITI\\ITP R2-2026\\Final Project\\Context\\context-api\\src\\features\\ai\\organizer\\folder-organizer.service.ts": {"path":"D:\\SASA\\ITI\\ITP R2-2026\\Final Project\\Context\\context-api\\src\\features\\ai\\organizer\\folder-organizer.service.ts","statementMap":{"0":{"start":{"line":1,"column":0},"end":{"line":1,"column":23}},"1":{"start":{"line":2,"column":0},"end":{"line":2,"column":46}},"2":{"start":{"line":4,"column":0},"end":{"line":4,"column":70}},"3":{"start":{"line":5,"column":0},"end":{"line":5,"column":62}},"4":{"start":{"line":6,"column":0},"end":{"line":6,"column":47}},"5":{"start":{"line":7,"column":0},"end":{"line":7,"column":56}},"6":{"start":{"line":11,"column":30},"end":{"line":14,"column":2}},"7":{"start":{"line":32,"column":50},"end":{"line":32,"column":71}},"8":{"start":{"line":40,"column":4},"end":{"line":40,"column":null}},"9":{"start":{"line":56,"column":21},"end":{"line":56,"column":68}},"10":{"start":{"line":57,"column":26},"end":{"line":57,"column":99}},"11":{"start":{"line":57,"column":57},"end":{"line":57,"column":98}},"12":{"start":{"line":60,"column":19},"end":{"line":60,"column":82}},"13":{"start":{"line":60,"column":40},"end":{"line":60,"column":53}},"14":{"start":{"line":61,"column":19},"end":{"line":63,"column":25}},"15":{"start":{"line":65,"column":4},"end":{"line":65,"column":null}},"16":{"start":{"line":65,"column":29},"end":{"line":65,"column":null}},"17":{"start":{"line":68,"column":27},"end":{"line":68,"column":78}},"18":{"start":{"line":68,"column":50},"end":{"line":68,"column":77}},"19":{"start":{"line":69,"column":4},"end":{"line":74,"column":5}},"20":{"start":{"line":70,"column":6},"end":{"line":73,"column":null}},"21":{"start":{"line":77,"column":33},"end":{"line":77,"column":72}},"22":{"start":{"line":77,"column":56},"end":{"line":77,"column":71}},"23":{"start":{"line":78,"column":4},"end":{"line":80,"column":5}},"24":{"start":{"line":79,"column":6},"end":{"line":79,"column":null}},"25":{"start":{"line":83,"column":27},"end":{"line":94,"column":6}},"26":{"start":{"line":97,"column":16},"end":{"line":97,"column":73}},"27":{"start":{"line":100,"column":23},"end":{"line":106,"column":7}},"28":{"start":{"line":100,"column":44},"end":{"line":106,"column":6}},"29":{"start":{"line":109,"column":25},"end":{"line":123,"column":6}},"30":{"start":{"line":125,"column":24},"end":{"line":125,"column":77}},"31":{"start":{"line":127,"column":4},"end":{"line":127,"column":null}},"32":{"start":{"line":130,"column":4},"end":{"line":167,"column":5}},"33":{"start":{"line":133,"column":23},"end":{"line":133,"column":100}},"34":{"start":{"line":135,"column":30},"end":{"line":154,"column":8}},"35":{"start":{"line":136,"column":20},"end":{"line":136,"column":78}},"36":{"start":{"line":136,"column":39},"end":{"line":136,"column":77}},"37":{"start":{"line":137,"column":27},"end":{"line":137,"column":58}},"38":{"start":{"line":139,"column":8},"end":{"line":151,"column":9}},"39":{"start":{"line":140,"column":10},"end":{"line":150,"column":11}},"40":{"start":{"line":141,"column":12},"end":{"line":141,"column":null}},"41":{"start":{"line":142,"column":17},"end":{"line":150,"column":11}},"42":{"start":{"line":143,"column":30},"end":{"line":143,"column":47}},"43":{"start":{"line":144,"column":31},"end":{"line":144,"column":63}},"44":{"start":{"line":145,"column":12},"end":{"line":147,"column":13}},"45":{"start":{"line":146,"column":14},"end":{"line":146,"column":null}},"46":{"start":{"line":148,"column":17},"end":{"line":150,"column":11}},"47":{"start":{"line":149,"column":12},"end":{"line":149,"column":null}},"48":{"start":{"line":153,"column":8},"end":{"line":153,"column":null}},"49":{"start":{"line":156,"column":6},"end":{"line":156,"column":null}},"50":{"start":{"line":158,"column":6},"end":{"line":165,"column":7}},"51":{"start":{"line":164,"column":8},"end":{"line":164,"column":null}},"52":{"start":{"line":166,"column":6},"end":{"line":166,"column":null}},"53":{"start":{"line":183,"column":4},"end":{"line":183,"column":48}},"54":{"start":{"line":183,"column":42},"end":{"line":183,"column":48}},"55":{"start":{"line":186,"column":24},"end":{"line":186,"column":72}},"56":{"start":{"line":186,"column":43},"end":{"line":186,"column":55}},"57":{"start":{"line":187,"column":23},"end":{"line":187,"column":109}},"58":{"start":{"line":188,"column":25},"end":{"line":188,"column":98}},"59":{"start":{"line":188,"column":59},"end":{"line":188,"column":79}},"60":{"start":{"line":191,"column":28},"end":{"line":191,"column":82}},"61":{"start":{"line":192,"column":24},"end":{"line":192,"column":49}},"62":{"start":{"line":193,"column":4},"end":{"line":195,"column":null}},"63":{"start":{"line":194,"column":6},"end":{"line":194,"column":null}},"64":{"start":{"line":197,"column":31},"end":{"line":197,"column":33}},"65":{"start":{"line":200,"column":4},"end":{"line":254,"column":5}},"66":{"start":{"line":201,"column":36},"end":{"line":201,"column":42}},"67":{"start":{"line":202,"column":6},"end":{"line":202,"column":43}},"68":{"start":{"line":202,"column":35},"end":{"line":202,"column":43}},"69":{"start":{"line":205,"column":6},"end":{"line":207,"column":7}},"70":{"start":{"line":206,"column":8},"end":{"line":206,"column":null}},"71":{"start":{"line":209,"column":24},"end":{"line":209,"column":73}},"72":{"start":{"line":209,"column":57},"end":{"line":209,"column":72}},"73":{"start":{"line":210,"column":28},"end":{"line":210,"column":32}},"74":{"start":{"line":211,"column":28},"end":{"line":211,"column":30}},"75":{"start":{"line":213,"column":6},"end":{"line":239,"column":7}},"76":{"start":{"line":214,"column":8},"end":{"line":214,"column":null}},"77":{"start":{"line":217,"column":8},"end":{"line":220,"column":9}},"78":{"start":{"line":218,"column":10},"end":{"line":218,"column":null}},"79":{"start":{"line":219,"column":10},"end":{"line":219,"column":18}},"80":{"start":{"line":223,"column":32},"end":{"line":234,"column":null}},"81":{"start":{"line":237,"column":8},"end":{"line":237,"column":null}},"82":{"start":{"line":238,"column":8},"end":{"line":238,"column":null}},"83":{"start":{"line":242,"column":6},"end":{"line":253,"column":null}},"84":{"start":{"line":257,"column":4},"end":{"line":262,"column":5}},"85":{"start":{"line":258,"column":6},"end":{"line":258,"column":null}},"86":{"start":{"line":259,"column":6},"end":{"line":261,"column":null}},"87":{"start":{"line":265,"column":4},"end":{"line":287,"column":5}},"88":{"start":{"line":266,"column":6},"end":{"line":286,"column":7}},"89":{"start":{"line":267,"column":24},"end":{"line":267,"column":35}},"90":{"start":{"line":268,"column":8},"end":{"line":285,"column":9}},"91":{"start":{"line":269,"column":27},"end":{"line":269,"column":84}},"92":{"start":{"line":270,"column":29},"end":{"line":270,"column":85}},"93":{"start":{"line":272,"column":10},"end":{"line":284,"column":11}},"94":{"start":{"line":273,"column":35},"end":{"line":273,"column":67}},"95":{"start":{"line":274,"column":12},"end":{"line":281,"column":13}},"96":{"start":{"line":275,"column":31},"end":{"line":275,"column":70}},"97":{"start":{"line":276,"column":14},"end":{"line":276,"column":null}},"98":{"start":{"line":277,"column":14},"end":{"line":277,"column":null}},"99":{"start":{"line":278,"column":14},"end":{"line":278,"column":null}},"100":{"start":{"line":280,"column":14},"end":{"line":280,"column":19}},"101":{"start":{"line":283,"column":12},"end":{"line":283,"column":17}},"102":{"start":{"line":27,"column":0},"end":{"line":27,"column":13}}},"fnMap":{"0":{"name":"(anonymous_1)","decl":{"start":{"line":39,"column":2},"end":{"line":39,"column":8}},"loc":{"start":{"line":39,"column":34},"end":{"line":41,"column":3}}},"1":{"name":"(anonymous_2)","decl":{"start":{"line":51,"column":2},"end":{"line":51,"column":8}},"loc":{"start":{"line":53,"column":61},"end":{"line":168,"column":3}}},"2":{"name":"(anonymous_3)","decl":{"start":{"line":57,"column":42},"end":{"line":57,"column":43}},"loc":{"start":{"line":57,"column":57},"end":{"line":57,"column":98}}},"3":{"name":"(anonymous_4)","decl":{"start":{"line":60,"column":33},"end":{"line":60,"column":34}},"loc":{"start":{"line":60,"column":40},"end":{"line":60,"column":53}}},"4":{"name":"(anonymous_5)","decl":{"start":{"line":68,"column":41},"end":{"line":68,"column":42}},"loc":{"start":{"line":68,"column":50},"end":{"line":68,"column":77}}},"5":{"name":"(anonymous_6)","decl":{"start":{"line":77,"column":47},"end":{"line":77,"column":48}},"loc":{"start":{"line":77,"column":56},"end":{"line":77,"column":71}}},"6":{"name":"(anonymous_7)","decl":{"start":{"line":100,"column":34},"end":{"line":100,"column":35}},"loc":{"start":{"line":100,"column":44},"end":{"line":106,"column":6}}},"7":{"name":"(anonymous_8)","decl":{"start":{"line":135,"column":51},"end":{"line":135,"column":52}},"loc":{"start":{"line":135,"column":67},"end":{"line":154,"column":7}}},"8":{"name":"(anonymous_9)","decl":{"start":{"line":136,"column":32},"end":{"line":136,"column":33}},"loc":{"start":{"line":136,"column":39},"end":{"line":136,"column":77}}},"9":{"name":"(anonymous_10)","decl":{"start":{"line":179,"column":2},"end":{"line":179,"column":8}},"loc":{"start":{"line":181,"column":54},"end":{"line":288,"column":3}}},"10":{"name":"(anonymous_11)","decl":{"start":{"line":186,"column":36},"end":{"line":186,"column":37}},"loc":{"start":{"line":186,"column":43},"end":{"line":186,"column":55}}},"11":{"name":"(anonymous_12)","decl":{"start":{"line":188,"column":52},"end":{"line":188,"column":53}},"loc":{"start":{"line":188,"column":59},"end":{"line":188,"column":79}}},"12":{"name":"(anonymous_13)","decl":{"start":{"line":193,"column":28},"end":{"line":193,"column":29}},"loc":{"start":{"line":193,"column":39},"end":{"line":195,"column":5}}},"13":{"name":"(anonymous_14)","decl":{"start":{"line":209,"column":50},"end":{"line":209,"column":51}},"loc":{"start":{"line":209,"column":57},"end":{"line":209,"column":72}}}},"branchMap":{"0":{"loc":{"start":{"line":60,"column":40},"end":{"line":60,"column":53}},"type":"binary-expr","locations":[{"start":{"line":60,"column":40},"end":{"line":60,"column":45}},{"start":{"line":60,"column":49},"end":{"line":60,"column":53}}]},"1":{"loc":{"start":{"line":65,"column":4},"end":{"line":65,"column":null}},"type":"if","locations":[{"start":{"line":65,"column":4},"end":{"line":65,"column":null}},{"start":{},"end":{}}]},"2":{"loc":{"start":{"line":69,"column":4},"end":{"line":74,"column":5}},"type":"if","locations":[{"start":{"line":69,"column":4},"end":{"line":74,"column":5}},{"start":{},"end":{}}]},"3":{"loc":{"start":{"line":78,"column":4},"end":{"line":80,"column":5}},"type":"if","locations":[{"start":{"line":78,"column":4},"end":{"line":80,"column":5}},{"start":{},"end":{}}]},"4":{"loc":{"start":{"line":105,"column":12},"end":{"line":105,"column":43}},"type":"binary-expr","locations":[{"start":{"line":105,"column":12},"end":{"line":105,"column":27}},{"start":{"line":105,"column":31},"end":{"line":105,"column":43}}]},"5":{"loc":{"start":{"line":114,"column":8},"end":{"line":114,"column":108}},"type":"cond-expr","locations":[{"start":{"line":114,"column":35},"end":{"line":114,"column":59}},{"start":{"line":114,"column":62},"end":{"line":114,"column":108}}]},"6":{"loc":{"start":{"line":137,"column":27},"end":{"line":137,"column":58}},"type":"binary-expr","locations":[{"start":{"line":137,"column":27},"end":{"line":137,"column":37}},{"start":{"line":137,"column":41},"end":{"line":137,"column":58}}]},"7":{"loc":{"start":{"line":139,"column":8},"end":{"line":151,"column":9}},"type":"if","locations":[{"start":{"line":139,"column":8},"end":{"line":151,"column":9}},{"start":{},"end":{}}]},"8":{"loc":{"start":{"line":140,"column":10},"end":{"line":150,"column":11}},"type":"if","locations":[{"start":{"line":140,"column":10},"end":{"line":150,"column":11}},{"start":{"line":142,"column":17},"end":{"line":150,"column":11}}]},"9":{"loc":{"start":{"line":140,"column":14},"end":{"line":140,"column":58}},"type":"binary-expr","locations":[{"start":{"line":140,"column":14},"end":{"line":140,"column":30}},{"start":{"line":140,"column":34},"end":{"line":140,"column":58}}]},"10":{"loc":{"start":{"line":142,"column":17},"end":{"line":150,"column":11}},"type":"if","locations":[{"start":{"line":142,"column":17},"end":{"line":150,"column":11}},{"start":{"line":148,"column":17},"end":{"line":150,"column":11}}]},"11":{"loc":{"start":{"line":144,"column":31},"end":{"line":144,"column":63}},"type":"binary-expr","locations":[{"start":{"line":144,"column":31},"end":{"line":144,"column":45}},{"start":{"line":144,"column":49},"end":{"line":144,"column":63}}]},"12":{"loc":{"start":{"line":145,"column":12},"end":{"line":147,"column":13}},"type":"if","locations":[{"start":{"line":145,"column":12},"end":{"line":147,"column":13}},{"start":{},"end":{}}]},"13":{"loc":{"start":{"line":148,"column":17},"end":{"line":150,"column":11}},"type":"if","locations":[{"start":{"line":148,"column":17},"end":{"line":150,"column":11}},{"start":{},"end":{}}]},"14":{"loc":{"start":{"line":148,"column":21},"end":{"line":148,"column":83}},"type":"binary-expr","locations":[{"start":{"line":148,"column":21},"end":{"line":148,"column":43}},{"start":{"line":148,"column":47},"end":{"line":148,"column":83}}]},"15":{"loc":{"start":{"line":158,"column":6},"end":{"line":165,"column":7}},"type":"if","locations":[{"start":{"line":158,"column":6},"end":{"line":165,"column":7}},{"start":{},"end":{}}]},"16":{"loc":{"start":{"line":159,"column":8},"end":{"line":162,"column":53}},"type":"binary-expr","locations":[{"start":{"line":159,"column":8},"end":{"line":159,"column":29}},{"start":{"line":160,"column":8},"end":{"line":160,"column":39}},{"start":{"line":161,"column":8},"end":{"line":161,"column":46}},{"start":{"line":162,"column":8},"end":{"line":162,"column":53}}]},"17":{"loc":{"start":{"line":183,"column":4},"end":{"line":183,"column":48}},"type":"if","locations":[{"start":{"line":183,"column":4},"end":{"line":183,"column":48}},{"start":{},"end":{}}]},"18":{"loc":{"start":{"line":183,"column":8},"end":{"line":183,"column":40}},"type":"binary-expr","locations":[{"start":{"line":183,"column":8},"end":{"line":183,"column":16}},{"start":{"line":183,"column":20},"end":{"line":183,"column":40}}]},"19":{"loc":{"start":{"line":202,"column":6},"end":{"line":202,"column":43}},"type":"if","locations":[{"start":{"line":202,"column":6},"end":{"line":202,"column":43}},{"start":{},"end":{}}]},"20":{"loc":{"start":{"line":202,"column":10},"end":{"line":202,"column":33}},"type":"binary-expr","locations":[{"start":{"line":202,"column":10},"end":{"line":202,"column":21}},{"start":{"line":202,"column":25},"end":{"line":202,"column":33}}]},"21":{"loc":{"start":{"line":205,"column":6},"end":{"line":207,"column":7}},"type":"if","locations":[{"start":{"line":205,"column":6},"end":{"line":207,"column":7}},{"start":{},"end":{}}]},"22":{"loc":{"start":{"line":214,"column":26},"end":{"line":214,"column":79}},"type":"cond-expr","locations":[{"start":{"line":214,"column":44},"end":{"line":214,"column":72}},{"start":{"line":214,"column":75},"end":{"line":214,"column":79}}]},"23":{"loc":{"start":{"line":217,"column":8},"end":{"line":220,"column":9}},"type":"if","locations":[{"start":{"line":217,"column":8},"end":{"line":220,"column":9}},{"start":{},"end":{}}]},"24":{"loc":{"start":{"line":257,"column":4},"end":{"line":262,"column":5}},"type":"if","locations":[{"start":{"line":257,"column":4},"end":{"line":262,"column":5}},{"start":{},"end":{}}]},"25":{"loc":{"start":{"line":265,"column":4},"end":{"line":287,"column":5}},"type":"if","locations":[{"start":{"line":265,"column":4},"end":{"line":287,"column":5}},{"start":{},"end":{}}]},"26":{"loc":{"start":{"line":272,"column":10},"end":{"line":284,"column":11}},"type":"if","locations":[{"start":{"line":272,"column":10},"end":{"line":284,"column":11}},{"start":{"line":282,"column":17},"end":{"line":284,"column":11}}]},"27":{"loc":{"start":{"line":272,"column":14},"end":{"line":272,"column":48}},"type":"binary-expr","locations":[{"start":{"line":272,"column":14},"end":{"line":272,"column":28}},{"start":{"line":272,"column":32},"end":{"line":272,"column":48}}]},"28":{"loc":{"start":{"line":274,"column":12},"end":{"line":281,"column":13}},"type":"if","locations":[{"start":{"line":274,"column":12},"end":{"line":281,"column":13}},{"start":{"line":279,"column":19},"end":{"line":281,"column":13}}]}},"s":{"0":1,"1":1,"2":1,"3":1,"4":1,"5":1,"6":1,"7":1,"8":9,"9":5,"10":5,"11":3,"12":5,"13":5,"14":5,"15":5,"16":1,"17":4,"18":4,"19":4,"20":1,"21":3,"22":3,"23":3,"24":1,"25":2,"26":2,"27":2,"28":2,"29":2,"30":2,"31":2,"32":2,"33":2,"34":1,"35":1,"36":1,"37":1,"38":1,"39":1,"40":1,"41":0,"42":0,"43":0,"44":0,"45":0,"46":0,"47":0,"48":1,"49":1,"50":1,"51":1,"52":0,"53":4,"54":1,"55":3,"56":3,"57":3,"58":3,"59":1,"60":3,"61":3,"62":3,"63":1,"64":3,"65":3,"66":3,"67":3,"68":0,"69":3,"70":1,"71":3,"72":6,"73":3,"74":3,"75":3,"76":6,"77":6,"78":1,"79":1,"80":5,"81":5,"82":5,"83":3,"84":3,"85":3,"86":3,"87":3,"88":1,"89":1,"90":1,"91":2,"92":2,"93":2,"94":1,"95":1,"96":1,"97":1,"98":1,"99":1,"100":0,"101":1,"102":1},"f":{"0":9,"1":5,"2":3,"3":5,"4":4,"5":3,"6":2,"7":1,"8":1,"9":4,"10":3,"11":1,"12":1,"13":6},"b":{"0":[5,5],"1":[1,4],"2":[1,3],"3":[1,2],"4":[2,2],"5":[1,1],"6":[1,0],"7":[1,0],"8":[1,0],"9":[1,1],"10":[0,0],"11":[0,0],"12":[0,0],"13":[0,0],"14":[0,0],"15":[1,0],"16":[1,0,0,0],"17":[1,3],"18":[4,4],"19":[0,3],"20":[3,3],"21":[1,2],"22":[3,3],"23":[1,5],"24":[3,0],"25":[1,2],"26":[1,1],"27":[2,1],"28":[1,0]}}
,"D:\\SASA\\ITI\\ITP R2-2026\\Final Project\\Context\\context-api\\src\\features\\ai\\organizer\\folder-proposer.service.ts": {"path":"D:\\SASA\\ITI\\ITP R2-2026\\Final Project\\Context\\context-api\\src\\features\\ai\\organizer\\folder-proposer.service.ts","statementMap":{"0":{"start":{"line":1,"column":0},"end":{"line":1,"column":46}},"1":{"start":{"line":3,"column":0},"end":{"line":3,"column":70}},"2":{"start":{"line":4,"column":0},"end":{"line":4,"column":23}},"3":{"start":{"line":5,"column":0},"end":{"line":5,"column":62}},"4":{"start":{"line":6,"column":0},"end":{"line":6,"column":56}},"5":{"start":{"line":15,"column":24},"end":{"line":23,"column":2}},"6":{"start":{"line":30,"column":25},"end":{"line":41,"column":2}},"7":{"start":{"line":47,"column":31},"end":{"line":51,"column":2}},"8":{"start":{"line":61,"column":29},"end":{"line":64,"column":2}},"9":{"start":{"line":84,"column":41},"end":{"line":84,"column":61}},"10":{"start":{"line":92,"column":4},"end":{"line":92,"column":null}},"11":{"start":{"line":111,"column":27},"end":{"line":115,"column":6}},"12":{"start":{"line":117,"column":4},"end":{"line":119,"column":5}},"13":{"start":{"line":118,"column":6},"end":{"line":118,"column":null}},"14":{"start":{"line":122,"column":20},"end":{"line":129,"column":17}},"15":{"start":{"line":131,"column":22},"end":{"line":131,"column":42}},"16":{"start":{"line":132,"column":17},"end":{"line":132,"column":38}},"17":{"start":{"line":134,"column":4},"end":{"line":141,"column":5}},"18":{"start":{"line":135,"column":6},"end":{"line":135,"column":null}},"19":{"start":{"line":136,"column":6},"end":{"line":140,"column":null}},"20":{"start":{"line":144,"column":23},"end":{"line":151,"column":7}},"21":{"start":{"line":144,"column":42},"end":{"line":151,"column":6}},"22":{"start":{"line":154,"column":16},"end":{"line":154,"column":72}},"23":{"start":{"line":157,"column":26},"end":{"line":174,"column":6}},"24":{"start":{"line":176,"column":25},"end":{"line":177,"column":null}},"25":{"start":{"line":181,"column":4},"end":{"line":181,"column":null}},"26":{"start":{"line":185,"column":19},"end":{"line":185,"column":98}},"27":{"start":{"line":187,"column":4},"end":{"line":189,"column":null}},"28":{"start":{"line":191,"column":4},"end":{"line":195,"column":null}},"29":{"start":{"line":81,"column":0},"end":{"line":81,"column":13}}},"fnMap":{"0":{"name":"(anonymous_0)","decl":{"start":{"line":91,"column":2},"end":{"line":91,"column":8}},"loc":{"start":{"line":91,"column":34},"end":{"line":93,"column":3}}},"1":{"name":"(anonymous_1)","decl":{"start":{"line":105,"column":2},"end":{"line":105,"column":8}},"loc":{"start":{"line":105,"column":46},"end":{"line":196,"column":3}}},"2":{"name":"(anonymous_2)","decl":{"start":{"line":144,"column":32},"end":{"line":144,"column":33}},"loc":{"start":{"line":144,"column":42},"end":{"line":151,"column":6}}}},"branchMap":{"0":{"loc":{"start":{"line":117,"column":4},"end":{"line":119,"column":5}},"type":"if","locations":[{"start":{"line":117,"column":4},"end":{"line":119,"column":5}},{"start":{},"end":{}}]},"1":{"loc":{"start":{"line":134,"column":4},"end":{"line":141,"column":5}},"type":"if","locations":[{"start":{"line":134,"column":4},"end":{"line":141,"column":5}},{"start":{},"end":{}}]},"2":{"loc":{"start":{"line":147,"column":15},"end":{"line":147,"column":53}},"type":"binary-expr","locations":[{"start":{"line":147,"column":15},"end":{"line":147,"column":26}},{"start":{"line":147,"column":30},"end":{"line":147,"column":53}}]},"3":{"loc":{"start":{"line":148,"column":12},"end":{"line":148,"column":26}},"type":"binary-expr","locations":[{"start":{"line":148,"column":12},"end":{"line":148,"column":20}},{"start":{"line":148,"column":24},"end":{"line":148,"column":26}}]}},"s":{"0":1,"1":1,"2":1,"3":1,"4":1,"5":1,"6":1,"7":1,"8":1,"9":1,"10":5,"11":5,"12":5,"13":0,"14":5,"15":5,"16":5,"17":5,"18":2,"19":2,"20":3,"21":105,"22":3,"23":3,"24":3,"25":3,"26":3,"27":3,"28":3,"29":1},"f":{"0":5,"1":5,"2":105},"b":{"0":[0,5],"1":[2,3],"2":[105,0],"3":[105,0]}}
,"D:\\SASA\\ITI\\ITP R2-2026\\Final Project\\Context\\context-api\\src\\features\\ai\\pipeline\\document-pipeline.service.ts": {"path":"D:\\SASA\\ITI\\ITP R2-2026\\Final Project\\Context\\context-api\\src\\features\\ai\\pipeline\\document-pipeline.service.ts","statementMap":{"0":{"start":{"line":1,"column":0},"end":{"line":1,"column":36}},"1":{"start":{"line":2,"column":0},"end":{"line":2,"column":29}},"2":{"start":{"line":3,"column":0},"end":{"line":3,"column":28}},"3":{"start":{"line":4,"column":0},"end":{"line":4,"column":62}},"4":{"start":{"line":5,"column":0},"end":{"line":5,"column":59}},"5":{"start":{"line":6,"column":0},"end":{"line":6,"column":39}},"6":{"start":{"line":7,"column":0},"end":{"line":7,"column":68}},"7":{"start":{"line":8,"column":0},"end":{"line":8,"column":71}},"8":{"start":{"line":9,"column":0},"end":{"line":9,"column":67}},"9":{"start":{"line":10,"column":0},"end":{"line":10,"column":69}},"10":{"start":{"line":11,"column":0},"end":{"line":11,"column":null}},"11":{"start":{"line":42,"column":4},"end":{"line":42,"column":null}},"12":{"start":{"line":44,"column":4},"end":{"line":207,"column":5}},"13":{"start":{"line":45,"column":6},"end":{"line":206,"column":7}},"14":{"start":{"line":47,"column":20},"end":{"line":47,"column":69}},"15":{"start":{"line":48,"column":8},"end":{"line":48,"column":26}},"16":{"start":{"line":48,"column":18},"end":{"line":48,"column":26}},"17":{"start":{"line":50,"column":29},"end":{"line":50,"column":66}},"18":{"start":{"line":52,"column":8},"end":{"line":52,"column":null}},"19":{"start":{"line":53,"column":8},"end":{"line":57,"column":null}},"20":{"start":{"line":62,"column":8},"end":{"line":62,"column":null}},"21":{"start":{"line":64,"column":22},"end":{"line":64,"column":24}},"22":{"start":{"line":66,"column":8},"end":{"line":113,"column":9}},"23":{"start":{"line":68,"column":12},"end":{"line":68,"column":null}},"24":{"start":{"line":69,"column":12},"end":{"line":69,"column":17}},"25":{"start":{"line":72,"column":12},"end":{"line":72,"column":null}},"26":{"start":{"line":72,"column":36},"end":{"line":72,"column":null}},"27":{"start":{"line":73,"column":30},"end":{"line":73,"column":82}},"28":{"start":{"line":74,"column":27},"end":{"line":74,"column":60}},"29":{"start":{"line":75,"column":28},"end":{"line":75,"column":50}},"30":{"start":{"line":76,"column":12},"end":{"line":76,"column":null}},"31":{"start":{"line":77,"column":12},"end":{"line":77,"column":17}},"32":{"start":{"line":80,"column":12},"end":{"line":80,"column":null}},"33":{"start":{"line":80,"column":36},"end":{"line":80,"column":null}},"34":{"start":{"line":81,"column":31},"end":{"line":81,"column":83}},"35":{"start":{"line":82,"column":29},"end":{"line":82,"column":81}},"36":{"start":{"line":83,"column":12},"end":{"line":83,"column":null}},"37":{"start":{"line":84,"column":12},"end":{"line":84,"column":17}},"38":{"start":{"line":87,"column":12},"end":{"line":87,"column":null}},"39":{"start":{"line":87,"column":36},"end":{"line":87,"column":null}},"40":{"start":{"line":88,"column":12},"end":{"line":88,"column":null}},"41":{"start":{"line":89,"column":32},"end":{"line":89,"column":84}},"42":{"start":{"line":90,"column":31},"end":{"line":90,"column":61}},"43":{"start":{"line":91,"column":12},"end":{"line":91,"column":null}},"44":{"start":{"line":92,"column":12},"end":{"line":92,"column":17}},"45":{"start":{"line":95,"column":12},"end":{"line":95,"column":null}},"46":{"start":{"line":95,"column":36},"end":{"line":95,"column":null}},"47":{"start":{"line":96,"column":32},"end":{"line":96,"column":84}},"48":{"start":{"line":97,"column":29},"end":{"line":97,"column":71}},"49":{"start":{"line":98,"column":36},"end":{"line":98,"column":38}},"50":{"start":{"line":100,"column":12},"end":{"line":107,"column":13}},"51":{"start":{"line":101,"column":32},"end":{"line":101,"column":58}},"52":{"start":{"line":103,"column":30},"end":{"line":103,"column":64}},"53":{"start":{"line":104,"column":14},"end":{"line":106,"column":15}},"54":{"start":{"line":105,"column":16},"end":{"line":105,"column":null}},"55":{"start":{"line":108,"column":12},"end":{"line":108,"column":null}},"56":{"start":{"line":109,"column":12},"end":{"line":109,"column":17}},"57":{"start":{"line":112,"column":12},"end":{"line":112,"column":null}},"58":{"start":{"line":115,"column":8},"end":{"line":117,"column":9}},"59":{"start":{"line":116,"column":10},"end":{"line":116,"column":null}},"60":{"start":{"line":121,"column":8},"end":{"line":121,"column":null}},"61":{"start":{"line":132,"column":30},"end":{"line":132,"column":95}},"62":{"start":{"line":134,"column":8},"end":{"line":138,"column":9}},"63":{"start":{"line":135,"column":10},"end":{"line":137,"column":null}},"64":{"start":{"line":143,"column":8},"end":{"line":143,"column":null}},"65":{"start":{"line":144,"column":25},"end":{"line":147,"column":null}},"66":{"start":{"line":151,"column":8},"end":{"line":151,"column":null}},"67":{"start":{"line":152,"column":28},"end":{"line":152,"column":76}},"68":{"start":{"line":156,"column":8},"end":{"line":156,"column":null}},"69":{"start":{"line":157,"column":8},"end":{"line":157,"column":null}},"70":{"start":{"line":160,"column":27},"end":{"line":171,"column":null}},"71":{"start":{"line":174,"column":8},"end":{"line":179,"column":null}},"72":{"start":{"line":181,"column":8},"end":{"line":183,"column":null}},"73":{"start":{"line":186,"column":32},"end":{"line":186,"column":71}},"74":{"start":{"line":187,"column":8},"end":{"line":189,"column":null}},"75":{"start":{"line":188,"column":19},"end":{"line":188,"column":85}},"76":{"start":{"line":191,"column":8},"end":{"line":191,"column":null}},"77":{"start":{"line":192,"column":8},"end":{"line":192,"column":null}},"78":{"start":{"line":194,"column":8},"end":{"line":205,"column":9}},"79":{"start":{"line":195,"column":30},"end":{"line":195,"column":77}},"80":{"start":{"line":196,"column":10},"end":{"line":202,"column":11}},"81":{"start":{"line":197,"column":12},"end":{"line":201,"column":null}},"82":{"start":{"line":204,"column":10},"end":{"line":204,"column":null}},"83":{"start":{"line":219,"column":21},"end":{"line":219,"column":37}},"84":{"start":{"line":220,"column":24},"end":{"line":220,"column":52}},"85":{"start":{"line":221,"column":4},"end":{"line":221,"column":null}},"86":{"start":{"line":31,"column":0},"end":{"line":31,"column":13}}},"fnMap":{"0":{"name":"(anonymous_10)","decl":{"start":{"line":41,"column":2},"end":{"line":41,"column":8}},"loc":{"start":{"line":41,"column":60},"end":{"line":208,"col
[...]
nd":{"line":129,"column":62}},"47":{"start":{"line":130,"column":6},"end":{"line":132,"column":7}},"48":{"start":{"line":131,"column":8},"end":{"line":131,"column":null}},"49":{"start":{"line":134,"column":6},"end":{"line":136,"column":7}},"50":{"start":{"line":135,"column":8},"end":{"line":135,"column":null}},"51":{"start":{"line":139,"column":6},"end":{"line":139,"column":null}},"52":{"start":{"line":140,"column":6},"end":{"line":140,"column":null}},"53":{"start":{"line":141,"column":6},"end":{"line":141,"column":null}},"54":{"start":{"line":142,"column":6},"end":{"line":142,"column":null}},"55":{"start":{"line":145,"column":6},"end":{"line":152,"column":7}},"56":{"start":{"line":146,"column":21},"end":{"line":146,"column":63}},"57":{"start":{"line":147,"column":8},"end":{"line":151,"column":9}},"58":{"start":{"line":148,"column":10},"end":{"line":148,"column":null}},"59":{"start":{"line":149,"column":10},"end":{"line":149,"column":null}},"60":{"start":{"line":150,"column":10},"end":{"line":150,"column":null}},"61":{"start":{"line":154,"column":6},"end":{"line":157,"column":null}},"62":{"start":{"line":159,"column":6},"end":{"line":159,"column":null}}},"fnMap":{"0":{"name":"(anonymous_0)","decl":{"start":{"line":12,"column":2},"end":{"line":12,"column":7}},"loc":{"start":{"line":12,"column":69},"end":{"line":61,"column":3}}},"1":{"name":"(anonymous_1)","decl":{"start":{"line":67,"column":2},"end":{"line":67,"column":7}},"loc":{"start":{"line":67,"column":67},"end":{"line":111,"column":3}}},"2":{"name":"(anonymous_2)","decl":{"start":{"line":117,"column":2},"end":{"line":117,"column":7}},"loc":{"start":{"line":117,"column":68},"end":{"line":161,"column":3}}}},"branchMap":{"0":{"loc":{"start":{"line":14,"column":21},"end":{"line":14,"column":71}},"type":"binary-expr","locations":[{"start":{"line":14,"column":21},"end":{"line":14,"column":46}},{"start":{"line":14,"column":51},"end":{"line":14,"column":71}}]},"1":{"loc":{"start":{"line":15,"column":6},"end":{"line":15,"column":null}},"type":"if","locations":[{"start":{"line":15,"column":6},"end":{"line":15,"column":null}},{"start":{},"end":{}}]},"2":{"loc":{"start":{"line":18,"column":6},"end":{"line":18,"column":null}},"type":"if","locations":[{"start":{"line":18,"column":6},"end":{"line":18,"column":null}},{"start":{},"end":{}}]},"3":{"loc":{"start":{"line":20,"column":72},"end":{"line":20,"column":86}},"type":"binary-expr","locations":[{"start":{"line":20,"column":72},"end":{"line":20,"column":80}},{"start":{"line":20,"column":84},"end":{"line":20,"column":86}}]},"4":{"loc":{"start":{"line":22,"column":6},"end":{"line":24,"column":7}},"type":"if","locations":[{"start":{"line":22,"column":6},"end":{"line":24,"column":7}},{"start":{},"end":{}}]},"5":{"loc":{"start":{"line":22,"column":10},"end":{"line":22,"column":76}},"type":"binary-expr","locations":[{"start":{"line":22,"column":10},"end":{"line":22,"column":17}},{"start":{"line":22,"column":21},"end":{"line":22,"column":34}},{"start":{"line":22,"column":38},"end":{"line":22,"column":45}},{"start":{"line":22,"column":49},"end":{"line":22,"column":60}},{"start":{"line":22,"column":64},"end":{"line":22,"column":76}}]},"6":{"loc":{"start":{"line":26,"column":6},"end":{"line":28,"column":7}},"type":"if","locations":[{"start":{"line":26,"column":6},"end":{"line":28,"column":7}},{"start":{},"end":{}}]},"7":{"loc":{"start":{"line":26,"column":10},"end":{"line":26,"column":39}},"type":"binary-expr","locations":[{"start":{"line":26,"column":10},"end":{"line":26,"column":19}},{"start":{"line":26,"column":23},"end":{"line":26,"column":39}}]},"8":{"loc":{"start":{"line":70,"column":28},"end":{"line":70,"column":59}},"type":"binary-expr","locations":[{"start":{"line":70,"column":28},"end":{"line":70,"column":52}},{"start":{"line":70,"column":56},"end":{"line":70,"column":59}}]},"9":{"loc":{"start":{"line":71,"column":29},"end":{"line":71,"column":62}},"type":"binary-expr","locations":[{"start":{"line":71,"column":29},"end":{"line":71,"column":54}},{"start":{"line":71,"column":58},"end":{"line":71,"column":62}}]},"10":{"loc":{"start":{"line":74,"column":6},"end":{"line":76,"column":7}},"type":"if","locations":[{"start":{"line":74,"column":6},"end":{"line":76,"column":7}},{"start":{},"end":{}}]},"11":{"loc":{"start":{"line":119,"column":22},"end":{"line":119,"column":72}},"type":"binary-expr","locations":[{"start":{"line":119,"column":22},"end":{"line":119,"column":47}},{"start":{"line":119,"column":52},"end":{"line":119,"column":72}}]},"12":{"loc":{"start":{"line":120,"column":6},"end":{"line":120,"column":null}},"type":"if","locations":[{"start":{"line":120,"column":6},"end":{"line":120,"column":null}},{"start":{},"end":{}}]},"13":{"loc":{"start":{"line":123,"column":25},"end":{"line":123,"column":39}},"type":"binary-expr","locations":[{"start":{"line":123,"column":25},"end":{"line":123,"column":33}},{"start":{"line":123,"column":37},"end":{"line":123,"column":39}}]},"14":{"loc":{"start":{"line":125,"column":6},"end":{"line":127,"column":7}},"type":"if","locations":[{"start":{"line":125,"column":6},"end":{"line":127,"column":7}},{"start":{},"end":{}}]},"15":{"loc":{"start":{"line":125,"column":10},"end":{"line":125,"column":63}},"type":"binary-expr","locations":[{"start":{"line":125,"column":10},"end":{"line":125,"column":17}},{"start":{"line":125,"column":21},"end":{"line":125,"column":63}}]},"16":{"loc":{"start":{"line":130,"column":6},"end":{"line":132,"column":7}},"type":"if","locations":[{"start":{"line":130,"column":6},"end":{"line":132,"column":7}},{"start":{},"end":{}}]},"17":{"loc":{"start":{"line":134,"column":6},"end":{"line":136,"column":7}},"type":"if","locations":[{"start":{"line":134,"column":6},"end":{"line":136,"column":7}},{"start":{},"end":{}}]},"18":{"loc":{"start":{"line":145,"column":6},"end":{"line":152,"column":7}},"type":"if","locations":[{"start":{"line":145,"column":6},"end":{"line":152,"column":7}},{"start":{},"end":{}}]},"19":{"loc":{"start":{"line":147,"column":8},"end":{"line":151,"column":9}},"type":"if","locations":[{"start":{"line":147,"column":8},"end":{"line":151,"column":9}},{"start":{},"end":{}}]}},"s":{"0":1,"1":1,"2":1,"3":1,"4":1,"5":5,"6":5,"7":5,"8":1,"9":4,"10":4,"11":1,"12":3,"13":3,"14":1,"15":2,"16":1,"17":1,"18":1,"19":1,"20":1,"21":1,"22":0,"23":1,"24":1,"25":1,"26":1,"27":1,"28":1,"29":1,"30":1,"31":1,"32":1,"33":1,"34":1,"35":1,"36":1,"37":0,"38":5,"39":5,"40":5,"41":0,"42":5,"43":5,"44":5,"45":1,"46":4,"47":4,"48":1,"49":3,"50":1,"51":2,"52":2,"53":2,"54":2,"55":2,"56":1,"57":1,"58":1,"59":1,"60":1,"61":2,"62":0},"f":{"0":5,"1":1,"2":5},"b":{"0":[5,1],"1":[1,4],"2":[1,3],"3":[3,0],"4":[1,2],"5":[3,3,2,2,2],"6":[1,1],"7":[2,1],"8":[1,0],"9":[1,0],"10":[1,0],"11":[5,0],"12":[0,5],"13":[5,0],"14":[1,4],"15":[5,5],"16":[1,3],"17":[1,2],"18":[1,1],"19":[1,0]}}
,"D:\\SASA\\ITI\\ITP R2-2026\\Final Project\\Context\\context-api\\src\\features\\settings\\settings.service.ts": {"path":"D:\\SASA\\ITI\\ITP R2-2026\\Final Project\\Context\\context-api\\src\\features\\settings\\settings.service.ts","statementMap":{"0":{"start":{"line":1,"column":0},"end":{"line":1,"column":42}},"1":{"start":{"line":2,"column":0},"end":{"line":2,"column":53}},"2":{"start":{"line":3,"column":0},"end":{"line":3,"column":99}},"3":{"start":{"line":13,"column":17},"end":{"line":13,"column":44}},"4":{"start":{"line":14,"column":4},"end":{"line":14,"column":null}},"5":{"start":{"line":14,"column":15},"end":{"line":14,"column":null}},"6":{"start":{"line":16,"column":25},"end":{"line":16,"column":69}},"7":{"start":{"line":17,"column":26},"end":{"line":17,"column":74}},"8":{"start":{"line":19,"column":4},"end":{"line":30,"column":null}},"9":{"start":{"line":34,"column":17},"end":{"line":34,"column":44}},"10":{"start":{"line":35,"column":4},"end":{"line":35,"column":null}},"11":{"start":{"line":35,"column":15},"end":{"line":35,"column":null}},"12":{"start":{"line":37,"column":4},"end":{"line":37,"column":null}},"13":{"start":{"line":37,"column":40},"end":{"line":37,"column":null}},"14":{"start":{"line":38,"column":4},"end":{"line":38,"column":null}},"15":{"start":{"line":38,"column":55},"end":{"line":38,"column":null}},"16":{"start":{"line":39,"column":4},"end":{"line":39,"column":null}},"17":{"start":{"line":39,"column":43},"end":{"line":39,"column":null}},"18":{"start":{"line":41,"column":4},"end":{"line":41,"column":null}},"19":{"start":{"line":43,"column":25},"end":{"line":43,"column":69}},"20":{"start":{"line":44,"column":26},"end":{"line":44,"column":74}},"21":{"start":{"line":46,"column":4},"end":{"line":57,"column":null}},"22":{"start":{"line":61,"column":17},"end":{"line":61,"column":44}},"23":{"start":{"line":62,"column":4},"end":{"line":62,"column":null}},"24":{"start":{"line":62,"column":15},"end":{"line":62,"column":null}},"25":{"start":{"line":64,"column":4},"end":{"line":64,"column":null}},"26":{"start":{"line":65,"column":4},"end":{"line":65,"column":null}},"27":{"start":{"line":66,"column":4},"end":{"line":66,"column":null}},"28":{"start":{"line":67,"column":4},"end":{"line":67,"column":null}},"29":{"start":{"line":69,"column":25},"end":{"line":69,"column":69}},"30":{"start":{"line":70,"column":26},"end":{"line":70,"column":74}},"31":{"start":{"line":72,"column":4},"end":{"line":83,"column":null}},"32":{"start":{"line":87,"column":25},"end":{"line":87,"column":69}},"33":{"start":{"line":88,"column":26},"end":{"line":88,"column":74}},"34":{"start":{"line":90,"column":4},"end":{"line":101,"column":null}},"35":{"start":{"line":11,"column":0},"end":{"line":11,"column":13}}},"fnMap":{"0":{"name":"(anonymous_0)","decl":{"start":{"line":12,"column":2},"end":{"line":12,"column":8}},"loc":{"start":{"line":12,"column":41},"end":{"line":31,"column":3}}},"1":{"name":"(anonymous_1)","decl":{"start":{"line":33,"column":2},"end":{"line":33,"column":8}},"loc":{"start":{"line":33,"column":75},"end":{"line":58,"column":3}}},"2":{"name":"(anonymous_2)","decl":{"start":{"line":60,"column":2},"end":{"line":60,"column":8}},"loc":{"start":{"line":60,"column":43},"end":{"line":84,"column":3}}},"3":{"name":"(anonymous_3)","decl":{"start":{"line":86,"column":2},"end":{"line":86,"column":8}},"loc":{"start":{"line":86,"column":44},"end":{"line":102,"column":3}}}},"branchMap":{"0":{"loc":{"start":{"line":14,"column":4},"end":{"line":14,"column":null}},"type":"if","locations":[{"start":{"line":14,"column":4},"end":{"line":14,"column":null}},{"start":{},"end":{}}]},"1":{"loc":{"start":{"line":20,"column":13},"end":{"line":20,"column":35}},"type":"binary-expr","locations":[{"start":{"line":20,"column":13},"end":{"line":20,"column":23}},{"start":{"line":20,"column":27},"end":{"line":20,"column":35}}]},"2":{"loc":{"start":{"line":21,"column":28},"end":{"line":21,"column":61}},"type":"binary-expr","locations":[{"start":{"line":21,"column":28},"end":{"line":21,"column":53}},{"start":{"line":21,"column":57},"end":{"line":21,"column":61}}]},"3":{"loc":{"start":{"line":22,"column":16},"end":{"line":22,"column":37}},"type":"binary-expr","locations":[{"start":{"line":22,"column":16},"end":{"line":22,"column":29}},{"start":{"line":22,"column":33},"end":{"line":22,"column":37}}]},"4":{"loc":{"start":{"line":35,"column":4},"end":{"line":35,"column":null}},"type":"if","locations":[{"start":{"line":35,"column":4},"end":{"line":35,"column":null}},{"start":{},"end":{}}]},"5":{"loc":{"start":{"line":37,"column":4},"end":{"line":37,"column":null}},"type":"if","locations":[{"start":{"line":37,"column":4},"end":{"line":37,"column":null}},{"start":{},"end":{}}]},"6":{"loc":{"start":{"line":38,"column":4},"end":{"line":38,"column":null}},"type":"if","locations":[{"start":{"line":38,"column":4},"end":{"line":38,"column":null}},{"start":{},"end":{}}]},"7":{"loc":{"start":{"line":39,"column":4},"end":{"line":39,"column":null}},"type":"if","locations":[{"start":{"line":39,"column":4},"end":{"line":39,"column":null}},{"start":{},"end":{}}]},"8":{"loc":{"start":{"line":62,"column":4},"end":{"line":62,"column":null}},"type":"if","locations":[{"start":{"line":62,"column":4},"end":{"line":62,"column":null}},{"start":{},"end":{}}]}},"s":{"0":1,"1":1,"2":1,"3":2,"4":2,"5":1,"6":1,"7":1,"8":1,"9":2,"10":2,"11":1,"12":1,"13":1,"14":1,"15":0,"16":1,"17":0,"18":1,"19":1,"20":1,"21":1,"22":1,"23":1,"24":0,"25":1,"26":1,"27":1,"28":1,"29":1,"30":1,"31":1,"32":1,"33":1,"34":1,"35":1},"f":{"0":2,"1":2,"2":1,"3":1},"b":{"0":[1,1],"1":[1,0],"2":[1,0],"3":[1,0],"4":[1,1],"5":[1,0],"6":[0,1],"7":[0,1],"8":[0,1]}}
,"D:\\SASA\\ITI\\ITP R2-2026\\Final Project\\Context\\context-api\\src\\features\\users\\user.service.ts": {"path":"D:\\SASA\\ITI\\ITP R2-2026\\Final Project\\Context\\context-api\\src\\features\\users\\user.service.ts","statementMap":{"0":{"start":{"line":1,"column":0},"end":{"line":1,"column":29}},"1":{"start":{"line":2,"column":0},"end":{"line":2,"column":42}},"2":{"start":{"line":6,"column":4},"end":{"line":6,"column":null}},"3":{"start":{"line":26,"column":17},"end":{"line":26,"column":44}},"4":{"start":{"line":27,"column":4},"end":{"line":27,"column":null}},"5":{"start":{"line":27,"column":15},"end":{"line":27,"column":null}},"6":{"start":{"line":29,"column":4},"end":{"line":34,"column":5}},"7":{"start":{"line":30,"column":28},"end":{"line":30,"column":81}},"8":{"start":{"line":31,"column":6},"end":{"line":32,"column":null}},"9":{"start":{"line":32,"column":8},"end":{"line":32,"column":null}},"10":{"start":{"line":33,"column":6},"end":{"line":33,"column":null}},"11":{"start":{"line":36,"column":4},"end":{"line":41,"column":5}},"12":{"start":{"line":37,"column":25},"end":{"line":37,"column":72}},"13":{"start":{"line":38,"column":6},"end":{"line":39,"column":null}},"14":{"start":{"line":39,"column":8},"end":{"line":39,"column":null}},"15":{"start":{"line":40,"column":6},"end":{"line":40,"column":null}},"16":{"start":{"line":43,"column":4},"end":{"line":43,"column":null}},"17":{"start":{"line":43,"column":29},"end":{"line":43,"column":null}},"18":{"start":{"line":44,"column":4},"end":{"line":44,"column":null}},"19":{"start":{"line":44,"column":28},"end":{"line":44,"column":null}},"20":{"start":{"line":47,"column":4},"end":{"line":49,"column":5}},"21":{"start":{"line":48,"column":7},"end":{"line":48,"column":null}},"22":{"start":{"line":50,"column":4},"end":{"line":52,"column":5}},"23":{"start":{"line":51,"column":7},"end":{"line":51,"column":null}},"24":{"start":{"line":53,"column":4},"end":{"line":55,"column":5}},"25":{"start":{"line":54,"column":7},"end":{"line":54,"column":null}},"26":{"start":{"line":56,"column":4},"end":{"line":58,"column":5}},"27":{"start":{"line":57,"column":7},"end":{"line":57,"column":null}},"28":{"start":{"line":59,"column":4},"end":{"line":61,"column":5}},"29":{"start":{"line":60,"column":7},"end":{"line":60,"column":null}},"30":{"start":{"line":62,"column":4},"end":{"line":64,"column":5}},"31":{"start":{"line":63,"column":7},"end":{"line":63,"column":null}},"32":{"start":{"line":66,"column":4},"end":{"line":78,"column":5}},"33":{"start":{"line":67,"column":6},"end":{"line":69,"column":7}},"34":{"start":{"line":68,"column":8},"end":{"line":68,"column":null}},"35":{"start":{"line":71,"column":37},"end":{"line":71,"column":104}},"36":{"start":{"line":72,"column":6},"end":{"line":74,"column":7}},"37":{"start":{"line":73,"column":8},"end":{"line":73,"column":null}},"38":{"start":{"line":76,"column":19},"end":{"line":76,"column":43}},"39":{"start":{"line":77,"column":6},"end":{"line":77,"column":null}},"40":{"start":{"line":80,"column":4},"end":{"line":80,"column":null}},"41":{"start":{"line":81,"column":4},"end":{"line":81,"column":null}},"42":{"start":{"line":4,"column":0},"end":{"line":4,"column":13}}},"fnMap":{"0":{"name":"(anonymous_1)","decl":{"start":{"line":5,"column":2},"end":{"line":5,"column":8}},"loc":{"start":{"line":5,"column":44},"end":{"line":7,"column":3}}},"1":{"name":"(anonymous_2)","decl":{"start":{"line":9,"column":2},"end":{"line":9,"column":8}},"loc":{"start":{"line":24,"column":5},"end":{"line":82,"column":3}}}},"branchMap":{"0":{"loc":{"start":{"line":27,"column":4},"end":{"line":27,"column":null}},"type":"if","locations":[{"start":{"line":27,"column":4},"end":{"line":27,"column":null}},{"start":{},"end":{}}]},"1":{"loc":{"start":{"line":29,"column":4},"end":{"line":34,"column":5}},"type":"if","locations":[{"start":{"line":29,"column":4},"end":{"line":34,"column":5}},{"start":{},"end":{}}]},"2":{"loc":{"start":{"line":29,"column":8},"end":{"line":29,"column":68}},"type":"binary-expr","locations":[{"start":{"line":29,"column":8},"end":{"line":29,"column":27}},{"start":{"line":29,"column":31},"end":{"line":29,"column":68}}]},"3":{"loc":{"start":{"line":31,"column":6},"end":{"line":32,"column":null}},"type":"if","locations":[{"start":{"line":31,"column":6},"end":{"line":32,"column":null}},{"start":{},"end":{}}]},"4":{"loc":{"start":{"line":36,"column":4},"end":{"line":41,"column":5}},"type":"if","locations":[{"start":{"line":36,"column":4},"end":{"line":41,"column":5}},{"start":{},"end":{}}]},"5":{"loc":{"start":{"line":36,"column":8},"end":{"line":36,"column":59}},"type":"binary-expr","locations":[{"start":{"line":36,"column":8},"end":{"line":36,"column":24}},{"start":{"line":36,"column":28},"end":{"line":36,"column":59}}]},"6":{"loc":{"start":{"line":38,"column":6},"end":{"line":39,"column":null}},"type":"if","locations":[{"start":{"line":38,"column":6},"end":{"line":39,"column":null}},{"start":{},"end":{}}]},"7":{"loc":{"start":{"line":43,"column":4},"end":{"line":43,"column":null}},"type":"if","locations":[{"start":{"line":43,"column":4},"end":{"line":43,"column":null}},{"start":{},"end":{}}]},"8":{"loc":{"start":{"line":44,"column":4},"end":{"line":44,"column":null}},"type":"if","locations":[{"start":{"line":44,"column":4},"end":{"line":44,"column":null}},{"start":{},"end":{}}]},"9":{"loc":{"start":{"line":47,"column":4},"end":{"line":49,"column":5}},"type":"if","locations":[{"start":{"line":47,"column":4},"end":{"line":49,"column":5}},{"start":{},"end":{}}]},"10":{"loc":{"start":{"line":50,"column":4},"end":{"line":52,"column":5}},"type":"if","locations":[{"start":{"line":50,"column":4},"end":{"line":52,"column":5}},{"start":{},"end":{}}]},"11":{"loc":{"start":{"line":53,"column":4},"end":{"line":55,"column":5}},"type":"if","locations":[{"start":{"line":53,"column":4},"end":{"line":55,"column":5}},{"start":{},"end":{}}]},"12":{"loc":{"start":{"line":56,"column":4},"end":{"line":58,"column":5}},"type":"if","locations":[{"start":{"line":56,"column":4},"end":{"line":58,"column":5}},{"start":{},"end":{}}]},"13":{"loc":{"start":{"line":59,"column":4},"end":{"line":61,"column":5}},"type":"if","locations":[{"start":{"line":59,"column":4},"end":{"line":61,"column":5}},{"start":{},"end":{}}]},"14":{"loc":{"start":{"line":62,"column":4},"end":{"line":64,"column":5}},"type":"if","locations":[{"start":{"line":62,"column":4},"end":{"line":64,"column":5}},{"start":{},"end":{}}]},"15":{"loc":{"start":{"line":66,"column":4},"end":{"line":78,"column":5}},"type":"if","locations":[{"start":{"line":66,"column":4},"end":{"line":78,"column":5}},{"start":{},"end":{}}]},"16":{"loc":{"start":{"line":67,"column":6},"end":{"line":69,"column":7}},"type":"if","locations":[{"start":{"line":67,"column":6},"end":{"line":69,"column":7}},{"start":{},"end":{}}]},"17":{"loc":{"start":{"line":72,"column":6},"end":{"line":74,"column":7}},"type":"if","locations":[{"start":{"line":72,"column":6},"end":{"line":74,"column":7}},{"start":{},"end":{}}]}},"s":{"0":1,"1":1,"2":1,"3":7,"4":7,"5":1,"6":6,"7":1,"8":1,"9":1,"10":0,"11":5,"12":1,"13":1,"14":1,"15":0,"16":4,"17":1,"18":4,"19":1,"20":4,"21":0,"22":4,"23":0,"24":4,"25":0,"26":4,"27":0,"28":4,"29":0,"30":4,"31":0,"32":4,"33":3,"34":1,"35":2,"36":2,"37":1,"38":1,"39":1,"40":2,"41":2,"42":1},"f":{"0":1,"1":7},"b":{"0":[1,6],"1":[1,5],"2":[6,1],"3":[1,0],"4":[1,4],"5":[5,1],"6":[1,0],"7":[1,3],"8":[1,3],"9":[0,4],"10":[0,4],"11":[0,4],"12":[0,4],"13":[0,4],"14":[0,4],"15":[3,1],"16":[1,2],"17":[1,1]}}
}
