TN:
SF:src\core\errors\AppError.ts
FN:5,(anonymous_0)
FNF:1
FNH:1
FNDA:20,(anonymous_0)
DA:1,7
DA:6,20
DA:7,20
DA:10,20
DA:13,20
LF:5
LH:5
BRF:0
BRH:0
end_of_record
TN:
SF:src\core\middlewares\auth.middleware.ts
FN:14,(anonymous_1)
FNF:1
FNH:1
FNDA:7,(anonymous_1)
DA:2,1
DA:3,1
DA:4,1
DA:5,1
DA:12,1
DA:14,1
DA:19,7
DA:23,7
DA:24,5
DA:28,7
DA:29,0
DA:33,7
DA:34,2
DA:38,5
DA:41,4
DA:42,1
DA:46,3
DA:47,3
DA:48,1
DA:53,2
DA:54,2
DA:55,2
DA:56,0
DA:60,2
DA:61,1
DA:65,1
DA:66,1
DA:69,1
LF:28
LH:26
BRDA:12,0,0,0
BRDA:12,0,1,1
BRDA:23,1,0,5
BRDA:23,1,1,2
BRDA:28,2,0,0
BRDA:28,2,1,7
BRDA:28,3,0,7
BRDA:28,3,1,2
BRDA:28,3,2,0
BRDA:33,4,0,2
BRDA:33,4,1,5
BRDA:41,5,0,1
BRDA:41,5,1,3
BRDA:47,6,0,1
BRDA:47,6,1,2
BRDA:53,7,0,2
BRDA:53,7,1,2
BRDA:54,8,0,2
BRDA:54,8,1,2
BRDA:55,9,0,0
BRDA:55,9,1,2
BRDA:60,10,0,1
BRDA:60,10,1,1
BRF:23
BRH:19
end_of_record
TN:
SF:src\core\middlewares\requireAdmin.middleware.ts
FN:12,(anonymous_0)
FNF:1
FNH:1
FNDA:3,(anonymous_0)
DA:2,1
DA:12,1
DA:17,3
DA:18,2
DA:20,1
LF:5
LH:5
BRDA:17,0,0,2
BRDA:17,0,1,1
BRDA:17,1,0,3
BRDA:17,1,1,2
BRF:4
BRH:4
end_of_record
TN:
SF:src\core\middlewares\token-budget.middleware.ts
FN:33,(anonymous_0)
FN:98,(anonymous_1)
FNF:2
FNH:2
FNDA:6,(anonymous_0)
FNDA:2,(anonymous_1)
DA:2,1
DA:33,1
DA:38,6
DA:40,6
DA:42,1
DA:43,1
DA:46,5
DA:48,5
DA:49,2
DA:51,2
DA:52,1
DA:60,1
DA:63,1
DA:65,1
DA:66,1
DA:67,1
DA:68,1
DA:69,1
DA:71,1
DA:72,0
DA:75,1
DA:82,1
DA:91,1
DA:95,3
DA:98,3
DA:100,2
DA:101,1
DA:102,1
DA:103,1
DA:108,3
LF:30
LH:29
BRDA:40,0,0,1
BRDA:40,0,1,5
BRDA:48,1,0,2
BRDA:48,1,1,3
BRDA:51,2,0,1
BRDA:51,2,1,1
BRDA:68,3,0,1
BRDA:68,3,1,0
BRDA:69,4,0,1
BRDA:69,4,1,0
BRDA:71,5,0,0
BRDA:71,5,1,1
BRDA:72,6,0,0
BRDA:72,6,1,0
BRDA:72,7,0,0
BRDA:72,7,1,0
BRDA:100,8,0,1
BRDA:100,8,1,1
BRDA:100,9,0,2
BRDA:100,9,1,2
BRDA:101,10,0,1
BRDA:101,10,1,0
BRDA:102,11,0,1
BRDA:102,11,1,0
BRF:24
BRH:15
end_of_record
TN:
SF:src\core\services\token-budget.service.ts
FN:19,getTodayKey
FN:26,getResetTime
FN:39,estimateTokens
FN:49,estimateDocumentPipelineTokens
FN:82,(anonymous_4)
FN:125,(anonymous_5)
FN:148,(anonymous_6)
FNF:7
FNH:0
FNDA:0,getTodayKey
FNDA:0,getResetTime
FNDA:0,estimateTokens
FNDA:0,estimateDocumentPipelineTokens
FNDA:0,(anonymous_4)
FNDA:0,(anonymous_5)
FNDA:0,(anonymous_6)
DA:1,1
DA:10,1
DA:11,1
DA:19,1
DA:20,0
DA:26,1
DA:27,0
DA:28,0
DA:31,0
DA:39,1
DA:40,0
DA:49,1
DA:50,0
DA:51,0
DA:52,0
DA:77,1
DA:83,0
DA:84,0
DA:85,0
DA:87,0
DA:88,0
DA:89,0
DA:91,0
DA:92,0
DA:94,0
DA:106,0
DA:107,0
DA:126,0
DA:128,0
DA:130,0
DA:131,0
DA:141,0
DA:149,0
DA:150,0
DA:151,0
DA:156,0
DA:157,0
DA:159,0
DA:160,0
DA:161,0
DA:164,0
DA:166,0
DA:167,0
LF:43
LH:8
BRDA:10,0,0,1
BRDA:10,0,1,1
BRDA:11,1,0,1
BRDA:11,1,1,1
BRDA:89,2,0,0
BRDA:89,2,1,0
BRDA:95,3,0,0
BRDA:95,3,1,0
BRDA:126,4,0,0
BRDA:126,4,1,0
BRF:10
BRH:4
end_of_record
TN:
SF:src\features\admin\admin.service.ts
FN:45,(anonymous_0)
FN:53,(anonymous_1)
FN:80,(anonymous_2)
FN:86,(anonymous_3)
FN:92,(anonymous_4)
FN:113,(anonymous_5)
FN:127,(anonymous_6)
FN:134,(anonymous_7)
FN:140,(anonymous_8)
FN:145,(anonymous_9)
FN:155,(anonymous_10)
FN:175,(anonymous_11)
FN:218,(anonymous_12)
FN:220,(anonymous_13)
FN:225,(anonymous_14)
FN:253,(anonymous_15)
FN:270,(anonymous_16)
FN:320,(anonymous_17)
FN:331,(anonymous_18)
FNF:19
FNH:19
FNDA:1,(anonymous_0)
FNDA:4,(anonymous_1)
FNDA:8,(anonymous_2)
FNDA:4,(anonymous_3)
FNDA:8,(anonymous_4)
FNDA:3,(anonymous_5)
FNDA:1,(anonymous_6)
FNDA:2,(anonymous_7)
FNDA:1,(anonymous_8)
FNDA:16,(anonymous_9)
FNDA:2,(anonymous_10)
FNDA:1,(anonymous_11)
FNDA:1,(anonymous_12)
FNDA:1,(anonymous_13)
FNDA:1,(anonymous_14)
FNDA:1,(anonymous_15)
FNDA:1,(anonymous_16)
FNDA:1,(anonymous_17)
FNDA:1,(anonymous_18)
DA:1,1
DA:2,1
DA:3,1
DA:39,1
DA:46,1
DA:54,4
DA:64,4
DA:65,4
DA:66,4
DA:68,4
DA:79,4
DA:80,8
DA:81,4
DA:86,4
DA:87,4
DA:88,4
DA:92,8
DA:97,4
DA:114,3
DA:115,3
DA:116,2
DA:118,1
DA:119,1
DA:120,1
DA:128,1
DA:133,1
DA:134,2
DA:135,1
DA:140,1
DA:141,1
DA:142,1
DA:145,1
DA:146,16
DA:148,16
DA:149,0
DA:151,16
DA:154,1
DA:155,1
DA:156,2
DA:168,1
DA:176,1
DA:177,1
DA:178,1
DA:181,1
DA:196,1
DA:197,1
DA:200,1
DA:218,1
DA:219,1
DA:220,1
DA:221,1
DA:222,1
DA:225,1
DA:234,1
DA:235,1
DA:237,1
DA:253,1
DA:260,1
DA:270,1
DA:271,1
DA:275,1
DA:279,1
DA:280,1
DA:281,6
DA:282,6
DA:284,6
DA:286,1
DA:291,5
DA:292,0
DA:298,5
DA:299,5
DA:307,1
DA:321,1
DA:322,1
DA:324,1
DA:331,1
LF:76
LH:74
BRDA:53,0,0,3
BRDA:53,1,0,3
BRDA:53,2,0,3
BRDA:53,3,0,2
BRDA:53,4,0,2
BRDA:54,5,0,1
BRDA:54,5,1,3
BRDA:65,6,0,3
BRDA:65,6,1,1
BRDA:66,7,0,1
BRDA:66,7,1,3
BRDA:94,8,0,8
BRDA:94,8,1,4
BRDA:115,9,0,1
BRDA:115,9,1,2
BRDA:116,10,0,1
BRDA:116,10,1,1
BRDA:146,11,0,16
BRDA:146,11,1,0
BRDA:148,12,0,0
BRDA:148,12,1,16
BRDA:160,13,0,2
BRDA:160,13,1,1
BRDA:161,14,0,2
BRDA:161,14,1,1
BRDA:162,15,0,2
BRDA:162,15,1,1
BRDA:163,16,0,1
BRDA:163,16,1,1
BRDA:196,17,0,1
BRDA:196,17,1,0
BRDA:197,18,0,1
BRDA:197,18,1,0
BRDA:227,19,0,1
BRDA:227,19,1,0
BRDA:228,20,0,1
BRDA:228,20,1,0
BRDA:284,21,0,1
BRDA:284,21,1,5
BRDA:291,22,0,0
BRDA:291,22,1,5
BRF:41
BRH:34
end_of_record
TN:
SF:src\features\ai\agents\cognitive-load.service.ts
FN:46,(anonymous_0)
FN:53,(anonymous_1)
FN:80,(anonymous_2)
FN:108,(anonymous_3)
FNF:4
FNH:2
FNDA:6,(anonymous_0)
FNDA:6,(anonymous_1)
FNDA:0,(anonymous_2)
FNDA:0,(anonymous_3)
DA:1,2
DA:2,2
DA:4,2
DA:5,2
DA:8,2
DA:22,2
DA:28,2
DA:30,2
DA:37,2
DA:47,6
DA:54,6
DA:55,3
DA:59,3
DA:61,3
DA:67,3
DA:69,3
DA:70,3
DA:72,1
DA:73,1
DA:81,0
DA:83,0
DA:91,0
DA:93,0
DA:95,0
DA:96,0
DA:98,0
DA:100,0
DA:101,0
DA:102,0
DA:104,0
DA:105,0
DA:108,0
DA:111,0
LF:33
LH:19
BRDA:54,0,0,3
BRDA:54,0,1,3
BRDA:54,1,0,6
BRDA:54,1,1,4
BRF:4
BRH:4
end_of_record
TN:
SF:src\features\ai\agents\orchestrator.service.ts
FN:39,(anonymous_0)
FN:48,(anonymous_1)
FN:64,(anonymous_2)
FN:81,(anonymous_3)
FN:104,(anonymous_4)
FNF:5
FNH:2
FNDA:4,(anonymous_0)
FNDA:0,(anonymous_1)
FNDA:0,(anonymous_2)
FNDA:0,(anonymous_3)
FNDA:4,(anonymous_4)
DA:1,2
DA:2,2
DA:3,2
DA:5,2
DA:6,2
DA:21,2
DA:27,2
DA:32,2
DA:40,4
DA:47,2
DA:50,0
DA:63,2
DA:65,0
DA:80,2
DA:82,0
DA:109,4
DA:112,4
DA:122,4
DA:124,4
DA:151,4
DA:159,4
DA:160,4
DA:173,3
DA:174,3
DA:176,3
DA:177,3
DA:178,2
DA:182,1
DA:185,1
DA:186,1
DA:193,3
DA:197,3
DA:198,3
DA:199,2
DA:200,2
DA:201,6
DA:202,2
DA:203,2
DA:205,6
DA:206,2
DA:208,6
DA:209,2
DA:215,3
LF:43
LH:40
BRDA:107,0,0,4
BRDA:122,1,0,4
BRDA:122,1,1,0
BRDA:177,2,0,2
BRDA:177,2,1,1
BRDA:199,3,0,2
BRDA:199,3,1,0
BRDA:199,4,0,2
BRDA:199,4,1,2
BRDA:201,5,0,2
BRDA:201,5,1,4
BRDA:205,6,0,2
BRDA:205,6,1,4
BRDA:208,7,0,2
BRDA:208,7,1,4
BRDA:216,8,0,3
BRDA:216,8,1,1
BRDA:217,9,0,3
BRDA:217,9,1,1
BRDA:218,10,0,2
BRDA:218,10,1,1
BRDA:218,11,0,3
BRDA:218,11,1,3
BRDA:219,12,0,3
BRDA:219,12,1,1
BRF:25
BRH:23
end_of_record
TN:
SF:src\features\ai\agents\synthesizer.service.ts
FN:25,(anonymous_0)
FN:29,(anonymous_1)
FNF:2
FNH:2
FNDA:4,(anonymous_0)
FNDA:4,(anonymous_1)
DA:1,1
DA:3,1
DA:4,1
DA:7,1
DA:13,1
DA:18,1
DA:26,4
DA:30,4
DA:50,4
DA:52,4
DA:56,3
LF:11
LH:11
BRF:0
BRH:0
end_of_record
TN:
SF:src\features\ai\agents\visual-cortex.service.ts
FN:40,(anonymous_0)
FN:48,(anonymous_1)
FNF:2
FNH:2
FNDA:4,(anonymous_0)
FNDA:4,(anonymous_1)
DA:1,2
DA:3,2
DA:8,2
DA:19,2
DA:26,2
DA:31,2
DA:32,2
DA:41,4
DA:42,4
DA:52,4
DA:58,4
DA:74,4
DA:75,4
DA:80,4
DA:81,1
DA:83,3
DA:84,3
DA:92,3
DA:93,3
DA:97,3
DA:98,2
DA:100,1
DA:101,1
LF:23
LH:23
BRDA:13,0,0,2
BRDA:13,0,1,2
BRDA:50,1,0,3
BRDA:86,2,0,3
BRDA:86,2,1,0
BRF:5
BRH:4
end_of_record
TN:
SF:src\features\ai\models\chat.model.ts
FNF:0
FNH:0
DA:1,3
DA:11,3
DA:22,3
DA:24,3
LF:4
LH:4
BRF:0
BRH:0
end_of_record
TN:
SF:src\features\ai\models\token-budget.model.ts
FNF:0
FNH:0
DA:1,1
DA:16,1
DA:45,1
DA:48,1
DA:52,1
LF:5
LH:5
BRF:0
BRH:0
end_of_record
TN:
SF:src\features\ai\organizer\folder-organizer.service.ts
FN:39,(anonymous_1)
FN:51,(anonymous_2)
FN:57,(anonymous_3)
FN:60,(anonymous_4)
FN:68,(anonymous_5)
FN:77,(anonymous_6)
FN:100,(anonymous_7)
FN:135,(anonymous_8)
FN:136,(anonymous_9)
FN:179,(anonymous_10)
FN:186,(anonymous_11)
FN:188,(anonymous_12)
FN:193,(anonymous_13)
FN:209,(anonymous_14)
FNF:14
FNH:14
FNDA:9,(anonymous_1)
FNDA:5,(anonymous_2)
FNDA:3,(anonymous_3)
FNDA:5,(anonymous_4)
FNDA:4,(anonymous_5)
FNDA:3,(anonymous_6)
FNDA:2,(anonymous_7)
FNDA:1,(anonymous_8)
FNDA:1,(anonymous_9)
FNDA:4,(anonymous_10)
FNDA:3,(anonymous_11)
FNDA:1,(anonymous_12)
FNDA:1,(anonymous_13)
FNDA:6,(anonymous_14)
DA:1,1
DA:2,1
DA:4,1
DA:5,1
DA:6,1
DA:7,1
DA:11,1
DA:27,1
DA:32,1
DA:40,9
DA:56,5
DA:57,5
DA:60,5
DA:61,5
DA:65,5
DA:68,4
DA:69,4
DA:70,1
DA:77,3
DA:78,3
DA:79,1
DA:83,2
DA:97,2
DA:100,2
DA:109,2
DA:125,2
DA:127,2
DA:130,2
DA:133,2
DA:135,1
DA:136,1
DA:137,1
DA:139,1
DA:140,1
DA:141,1
DA:142,0
DA:143,0
DA:144,0
DA:145,0
DA:146,0
DA:148,0
DA:149,0
DA:153,1
DA:156,1
DA:158,1
DA:164,1
DA:166,0
DA:183,4
DA:186,3
DA:187,3
DA:188,3
DA:191,3
DA:192,3
DA:193,3
DA:194,1
DA:197,3
DA:200,3
DA:201,3
DA:202,3
DA:205,3
DA:206,1
DA:209,6
DA:210,3
DA:211,3
DA:213,3
DA:214,6
DA:217,6
DA:218,1
DA:219,1
DA:223,5
DA:237,5
DA:238,5
DA:242,3
DA:257,3
DA:258,3
DA:259,3
DA:265,3
DA:266,1
DA:267,1
DA:268,1
DA:269,2
DA:270,2
DA:272,2
DA:273,1
DA:274,1
DA:275,1
DA:276,1
DA:277,1
DA:278,1
DA:280,0
DA:283,1
LF:91
LH:82
BRDA:60,0,0,5
BRDA:60,0,1,5
BRDA:65,1,0,1
BRDA:65,1,1,4
BRDA:69,2,0,1
BRDA:69,2,1,3
BRDA:78,3,0,1
BRDA:78,3,1,2
BRDA:105,4,0,2
BRDA:105,4,1,2
BRDA:114,5,0,1
BRDA:114,5,1,1
BRDA:137,6,0,1
BRDA:137,6,1,0
BRDA:139,7,0,1
BRDA:139,7,1,0
BRDA:140,8,0,1
BRDA:140,8,1,0
BRDA:140,9,0,1
BRDA:140,9,1,1
BRDA:142,10,0,0
BRDA:142,10,1,0
BRDA:144,11,0,0
BRDA:144,11,1,0
BRDA:145,12,0,0
BRDA:145,12,1,0
BRDA:148,13,0,0
BRDA:148,13,1,0
BRDA:148,14,0,0
BRDA:148,14,1,0
BRDA:158,15,0,1
BRDA:158,15,1,0
BRDA:159,16,0,1
BRDA:159,16,1,0
BRDA:159,16,2,0
BRDA:159,16,3,0
BRDA:183,17,0,1
BRDA:183,17,1,3
BRDA:183,18,0,4
BRDA:183,18,1,4
BRDA:202,19,0,0
BRDA:202,19,1,3
BRDA:202,20,0,3
BRDA:202,20,1,3
BRDA:205,21,0,1
BRDA:205,21,1,2
BRDA:214,22,0,3
BRDA:214,22,1,3
BRDA:217,23,0,1
BRDA:217,23,1,5
BRDA:257,24,0,3
BRDA:257,24,1,0
BRDA:265,25,0,1
BRDA:265,25,1,2
BRDA:272,26,0,1
BRDA:272,26,1,1
BRDA:272,27,0,2
BRDA:272,27,1,1
BRDA:274,28,0,1
BRDA:274,28,1,0
BRF:60
BRH:40
end_of_record
TN:
SF:src\features\ai\organizer\folder-proposer.service.ts
FN:91,(anonymous_0)
FN:105,(anonymous_1)
FN:144,(anonymous_2)
FNF:3
FNH:3
FNDA:5,(anonymous_0)
FNDA:5,(anonymous_1)
FNDA:105,(anonymous_2)
DA:1,1
DA:3,1
DA:4,1
DA:5,1
DA:6,1
DA:15,1
DA:30,1
DA:47,1
DA:61,1
DA:81,1
DA:84,1
DA:92,5
DA:111,5
DA:117,5
DA:118,0
DA:122,5
DA:131,5
DA:132,5
DA:134,5
DA:135,2
DA:136,2
DA:144,105
DA:154,3
DA:157,3
DA:176,3
DA:181,3
DA:185,3
DA:187,3
DA:191,3
LF:29
LH:28
BRDA:117,0,0,0
BRDA:117,0,1,5
BRDA:134,1,0,2
BRDA:134,1,1,3
BRDA:147,2,0,105
BRDA:147,2,1,0
BRDA:148,3,0,105
BRDA:148,3,1,0
BRF:8
BRH:5
end_of_record
TN:
SF:src\features\ai\pipeline\document-pipeline.service.ts
FN:41,(anonymous_10)
FN:188,(anonymous_11)
FN:218,(anonymous_12)
FNF:3
FNH:2
FNDA:7,(anonymous_10)
FNDA:0,(anonymous_11)
FNDA:4,(anonymous_12)
DA:1,1
DA:2,1
DA:3,1
DA:4,1
DA:5,1
DA:6,1
DA:7,1
DA:8,1
DA:9,1
DA:10,1
DA:11,1
DA:31,1
DA:42,7
DA:44,7
DA:45,7
DA:47,7
DA:48,7
DA:50,6
DA:52,6
DA:53,6
DA:62,6
DA:64,6
DA:66,6
DA:68,2
DA:69,2
DA:72,1
DA:73,1
DA:74,1
DA:75,1
DA:76,1
DA:77,1
DA:80,1
DA:81,1
DA:82,1
DA:83,1
DA:84,1
DA:87,1
DA:88,1
DA:89,1
DA:90,1
DA:91,1
DA:92,1
DA:95,1
DA:96,1
DA:97,1
DA:98,1
DA:100,1
DA:101,1
DA:103,1
DA:104,1
DA:105,1
DA:108,1
DA:109,1
DA:112,0
DA:115,6
DA:116,0
DA:121,6
DA:132,6
DA:134,6
DA:135,0
DA:143,6
DA:144,6
DA:151,5
DA:152,5
DA:156,5
DA:157,5
DA:160,5
DA:174,5
DA:181,5
DA:186,5
DA:187,5
DA:188,0
DA:191,1
DA:192,1
DA:194,1
DA:195,1
DA:196,1
DA:197,1
DA:204,0
DA:219,4
DA:220,4
DA:221,4
LF:82
LH:77
BRDA:48,0,0,1
BRDA:48,0,1,6
BRDA:50,1,0,6
BRDA:50,1,1,0
BRDA:66,2,0,2
BRDA:66,2,1,1
BRDA:66,2,2,1
BRDA:66,2,3,1
BRDA:66,2,4,1
BRDA:66,2,5,0
BRDA:68,3,0,2
BRDA:68,3,1,0
BRDA:72,4,0,0
BRDA:72,4,1,1
BRDA:80,5,0,0
BRDA:80,5,1,1
BRDA:87,6,0,0
BRDA:87,6,1,1
BRDA:95,7,0,0
BRDA:95,7,1,1
BRDA:104,8,0,1
BRDA:104,8,1,0
BRDA:115,9,0,0
BRDA:115,9,1,6
BRDA:115,10,0,6
BRDA:115,10,1,6
BRDA:134,11,0,0
BRDA:134,11,1,6
BRDA:196,12,0,1
BRDA:196,12,1,0
BRDA:196,13,0,1
BRDA:196,13,1,1
BRF:32
BRH:21
end_of_record
TN:
SF:src\features\ai\pipeline\document-preview.service.ts
FN:40,(anonymous_0)
FN:90,(anonymous_1)
FN:133,(anonymous_2)
FN:157,(anonymous_3)
FNF:4
FNH:4
FNDA:24,(anonymous_0)
FNDA:1,(anonymous_1)
FNDA:4,(anonymous_2)
FNDA:157,(anonymous_3)
DA:25,3
DA:27,3
DA:46,24
DA:47,17
DA:50,7
DA:54,7
DA:56,4
DA:61,1
DA:65,1
DA:69,1
DA:91,1
DA:93,1
DA:94,1
DA:95,1
DA:97,1
DA:99,1
DA:100,1
DA:102,1
DA:104,1
DA:105,1
DA:107,1
DA:134,4
DA:137,4
DA:138,4
DA:141,4
DA:142,1
DA:145,3
DA:147,3
DA:148,5
DA:149,5
DA:150,5
DA:154,5
DA:155,5
DA:157,157
DA:158,4
DA:160,4
DA:161,4
DA:162,4
DA:163,4
DA:164,4
DA:166,4
DA:167,4
DA:168,4
DA:169,4
DA:171,4
DA:172,1
DA:175,4
DA:178,3
LF:48
LH:48
BRDA:43,0,0,7
BRDA:46,1,0,17
BRDA:46,1,1,7
BRDA:54,2,0,4
BRDA:54,2,1,1
BRDA:54,2,2,1
BRDA:54,2,3,1
BRDA:54,2,4,1
BRDA:54,2,5,1
BRDA:141,3,0,1
BRDA:141,3,1,3
BRDA:149,4,0,5
BRDA:149,4,1,0
BRDA:150,5,0,2
BRDA:150,5,1,3
BRDA:151,6,0,2
BRDA:151,6,1,0
BRDA:155,7,0,1
BRDA:155,7,1,4
BRDA:158,8,0,0
BRDA:158,8,1,4
BRDA:171,9,0,1
BRDA:171,9,1,3
BRF:23
BRH:20
end_of_record
TN:
SF:src\features\ai\search\vector.service.ts
FN:31,(anonymous_1)
FN:39,(anonymous_2)
FN:49,(anonymous_3)
FN:61,(anonymous_4)
FN:69,(anonymous_5)
FN:78,(anonymous_6)
FN:102,(anonymous_7)
FN:104,(anonymous_8)
FNF:8
FNH:0
FNDA:0,(anonymous_1)
FNDA:0,(anonymous_2)
FNDA:0,(anonymous_3)
FNDA:0,(anonymous_4)
FNDA:0,(anonymous_5)
FNDA:0,(anonymous_6)
FNDA:0,(anonymous_7)
FNDA:0,(anonymous_8)
DA:1,4
DA:2,4
DA:3,4
DA:4,4
DA:5,4
DA:8,4
DA:17,4
DA:22,4
DA:32,0
DA:40,0
DA:41,0
DA:42,0
DA:50,0
DA:53,0
DA:62,0
DA:70,0
DA:76,0
DA:78,0
DA:79,0
DA:84,0
DA:87,0
DA:90,0
DA:103,0
DA:104,0
DA:106,0
DA:110,0
LF:26
LH:8
BRDA:103,0,0,0
BRDA:103,0,1,0
BRF:2
BRH:0
end_of_record
TN:
SF:src\features\analytics\analytics.service.ts
FN:11,(anonymous_0)
FN:39,(anonymous_1)
FN:80,(anonymous_2)
FN:286,(anonymous_3)
FN:299,(anonymous_4)
FN:300,(anonymous_5)
FN:327,(anonymous_6)
FN:360,(anonymous_7)
FN:392,(anonymous_8)
FNF:9
FNH:9
FNDA:1,(anonymous_0)
FNDA:2,(anonymous_1)
FNDA:2,(anonymous_2)
FNDA:1,(anonymous_3)
FNDA:10,(anonymous_4)
FNDA:10,(anonymous_5)
FNDA:1,(anonymous_6)
FNDA:1,(anonymous_7)
FNDA:1,(anonymous_8)
DA:1,1
DA:2,1
DA:3,1
DA:5,1
DA:25,1
DA:26,1
DA:28,1
DA:40,2
DA:41,2
DA:42,2
DA:43,2
DA:44,2
DA:58,2
DA:80,2
DA:162,2
DA:163,2
DA:166,2
DA:167,2
DA:168,2
DA:169,2
DA:170,2
DA:171,2
DA:174,2
DA:175,24
DA:176,24
DA:177,24
DA:178,24
DA:179,24
DA:180,24
DA:181,24
DA:183,24
DA:185,24
DA:187,2
DA:194,22
DA:195,22
DA:196,22
DA:198,22
DA:207,2
DA:208,2
DA:209,2
DA:210,2
DA:211,2
DA:212,2
DA:215,2
DA:216,24
DA:217,24
DA:218,24
DA:219,24
DA:220,24
DA:221,24
DA:222,24
DA:224,24
DA:226,2
DA:227,2
DA:233,22
DA:234,22
DA:235,22
DA:243,2
DA:244,2
DA:245,2
DA:246,2
DA:247,2
DA:248,2
DA:249,2
DA:252,2
DA:253,60
DA:254,60
DA:255,60
DA:256,60
DA:257,60
DA:258,60
DA:259,60
DA:260,60
DA:262,60
DA:264,60
DA:266,2
DA:273,58
DA:274,58
DA:275,58
DA:277,58
DA:286,2
DA:287,1
DA:288,1
DA:291,2
DA:299,10
DA:300,2
DA:301,10
DA:302,10
DA:309,2
DA:328,1
DA:330,1
DA:361,1
DA:363,1
DA:393,1
DA:395,1
LF:95
LH:95
BRDA:162,0,0,2
BRDA:162,0,1,1
BRDA:185,1,0,2
BRDA:185,1,1,22
BRDA:189,2,0,2
BRDA:189,2,1,2
BRDA:190,3,0,2
BRDA:190,3,1,2
BRDA:224,4,0,2
BRDA:224,4,1,22
BRDA:264,5,0,2
BRDA:264,5,1,58
BRDA:268,6,0,2
BRDA:268,6,1,2
BRDA:269,7,0,2
BRDA:269,7,1,2
BRDA:292,8,0,2
BRDA:292,8,1,2
BRDA:293,9,0,2
BRDA:293,9,1,2
BRDA:294,10,0,2
BRDA:294,10,1,2
BRDA:295,11,0,2
BRDA:295,11,1,2
BRDA:296,12,0,2
BRDA:296,12,1,2
BRDA:301,13,0,0
BRDA:301,13,1,10
BRDA:327,14,0,0
BRF:29
BRH:27
end_of_record
TN:
SF:src\features\auth\auth.service.ts
FN:9,(anonymous_1)
FN:15,(anonymous_2)
FN:44,(anonymous_3)
FN:58,(anonymous_4)
FN:87,(anonymous_5)
FNF:5
FNH:5
FNDA:3,(anonymous_1)
FNDA:3,(anonymous_2)
FNDA:3,(anonymous_3)
FNDA:3,(anonymous_4)
FNDA:2,(anonymous_5)
DA:1,1
DA:2,1
DA:3,1
DA:4,1
DA:5,1
DA:7,1
DA:10,3
DA:18,3
DA:20,3
DA:22,3
DA:23,2
DA:24,1
DA:25,1
DA:26,1
DA:29,1
DA:30,1
DA:32,1
DA:40,1
DA:41,1
DA:48,3
DA:49,3
DA:51,2
DA:52,2
DA:54,1
DA:55,1
DA:59,3
DA:60,3
DA:62,1
DA:66,2
DA:69,2
DA:70,2
DA:71,2
DA:72,2
DA:74,2
DA:76,2
DA:77,1
DA:79,1
DA:80,1
DA:81,1
DA:82,1
DA:83,1
DA:89,2
DA:91,2
DA:96,2
DA:97,1
DA:100,1
DA:101,1
DA:104,1
DA:105,1
DA:108,1
DA:110,1
DA:112,1
LF:52
LH:52
BRDA:11,0,0,3
BRDA:11,0,1,3
BRDA:22,1,0,2
BRDA:22,1,1,1
BRDA:23,2,0,1
BRDA:23,2,1,1
BRDA:25,3,0,1
BRDA:25,3,1,0
BRDA:40,4,0,1
BRDA:40,4,1,1
BRDA:49,5,0,1
BRDA:49,5,1,2
BRDA:52,6,0,1
BRDA:52,6,1,1
BRDA:54,7,0,1
BRDA:54,7,1,1
BRDA:60,8,0,1
BRDA:60,8,1,2
BRDA:96,9,0,1
BRDA:96,9,1,1
BRDA:108,10,0,1
BRDA:108,10,1,1
BRF:22
BRH:21
end_of_record
TN:
SF:src\features\comparison\comparison.service.ts
FN:19,(anonymous_1)
FN:27,(anonymous_2)
FN:72,(anonymous_3)
FN:86,(anonymous_4)
FN:114,(anonymous_5)
FN:128,(anonymous_6)
FNF:6
FNH:6
FNDA:2,(anonymous_1)
FNDA:4,(anonymous_2)
FNDA:1,(anonymous_3)
FNDA:2,(anonymous_4)
FNDA:1,(anonymous_5)
FNDA:1,(anonymous_6)
DA:1,1
DA:2,1
DA:3,1
DA:4,1
DA:6,1
DA:7,1
DA:9,1
DA:14,1
DA:20,2
DA:29,4
DA:34,4
DA:35,1
DA:38,3
DA:39,1
DA:49,2
DA:50,1
DA:56,1
DA:58,1
DA:73,1
DA:92,2
DA:93,0
DA:96,2
DA:97,2
DA:100,2
DA:113,2
DA:114,2
DA:116,2
DA:117,1
DA:121,1
DA:126,1
DA:129,1
DA:133,1
DA:150,1
DA:153,1
DA:154,1
DA:157,1
DA:162,1
LF:37
LH:36
BRDA:34,0,0,1
BRDA:34,0,1,3
BRDA:34,1,0,4
BRDA:34,1,1,3
BRDA:38,2,0,1
BRDA:38,2,1,2
BRDA:38,3,0,3
BRDA:38,3,1,2
BRDA:49,4,0,1
BRDA:49,4,1,1
BRDA:49,5,0,2
BRDA:49,5,1,1
BRDA:49,6,0,2
BRDA:49,6,1,1
BRDA:49,7,0,1
BRDA:49,7,1,0
BRDA:92,8,0,0
BRDA:92,8,1,2
BRDA:116,9,0,1
BRDA:116,9,1,1
BRDA:129,10,0,1
BRDA:129,10,1,0
BRF:22
BRH:19
end_of_record
TN:
SF:src\features\comparison\deep-thinker.service.ts
FN:81,(anonymous_0)
FN:87,(anonymous_1)
FNF:2
FNH:2
FNDA:6,(anonymous_0)
FNDA:6,(anonymous_1)
DA:1,1
DA:2,1
DA:4,1
DA:5,1
DA:6,1
DA:7,1
DA:8,1
DA:11,1
DA:39,1
DA:47,1
DA:55,1
DA:63,1
DA:65,1
DA:70,1
DA:71,1
DA:72,1
DA:82,6
DA:83,6
DA:84,6
DA:92,6
DA:97,6
DA:103,5
DA:108,5
DA:114,5
DA:118,5
DA:119,5
DA:130,5
DA:131,5
DA:133,5
DA:152,5
DA:153,5
DA:155,2
DA:157,3
DA:158,3
DA:166,3
DA:167,3
DA:169,3
DA:186,3
DA:187,3
DA:189,1
DA:195,2
DA:196,2
DA:204,2
DA:205,2
DA:207,2
DA:224,2
DA:225,2
DA:230,1
DA:236,1
DA:237,1
LF:50
LH:50
BRDA:41,0,0,1
BRDA:41,0,1,1
BRDA:49,1,0,1
BRDA:49,1,1,1
BRDA:84,2,0,6
BRDA:84,2,1,0
BRDA:97,3,0,1
BRDA:97,3,1,5
BRDA:97,4,0,6
BRDA:97,4,1,5
BRDA:104,5,0,5
BRDA:104,5,1,0
BRDA:109,6,0,5
BRDA:109,6,1,0
BRDA:160,7,0,3
BRDA:160,7,1,0
BRDA:198,8,0,2
BRDA:198,8,1,0
BRF:18
BRH:13
end_of_record
TN:
SF:src\features\documents\chunk.model.ts
FNF:0
FNH:0
DA:1,4
DA:11,4
DA:20,4
DA:21,4
DA:23,4
LF:5
LH:5
BRF:0
BRH:0
end_of_record
TN:
SF:src\features\documents\document.model.ts
FNF:0
FNH:0
DA:1,4
DA:40,4
DA:97,4
DA:100,4
DA:102,4
DA:115,4
LF:6
LH:6
BRF:0
BRH:0
end_of_record
TN:
SF:src\features\documents\document.service.ts
FN:27,(anonymous_1)
FN:36,(anonymous_2)
FN:76,(anonymous_3)
FN:103,(anonymous_4)
FN:128,(anonymous_5)
FN:130,(anonymous_6)
FN:141,(anonymous_7)
FN:152,(anonymous_8)
FN:181,(anonymous_9)
FN:201,(anonymous_10)
FN:208,(anonymous_11)
FN:209,(anonymous_12)
FN:218,(anonymous_13)
FN:218,(anonymous_14)
FN:235,(anonymous_15)
FN:258,(anonymous_16)
FN:264,(anonymous_17)
FN:271,(anonymous_18)
FNF:18
FNH:12
FNDA:4,(anonymous_1)
FNDA:2,(anonymous_2)
FNDA:0,(anonymous_3)
FNDA:1,(anonymous_4)
FNDA:0,(anonymous_5)
FNDA:0,(anonymous_6)
FNDA:0,(anonymous_7)
FNDA:1,(anonymous_8)
FNDA:1,(anonymous_9)
FNDA:1,(anonymous_10)
FNDA:3,(anonymous_11)
FNDA:3,(anonymous_12)
FNDA:3,(anonymous_13)
FNDA:3,(anonymous_14)
FNDA:1,(anonymous_15)
FNDA:0,(anonymous_16)
FNDA:0,(anonymous_17)
FNDA:1,(anonymous_18)
DA:1,1
DA:2,1
DA:3,1
DA:4,1
DA:5,1
DA:6,1
DA:7,1
DA:8,1
DA:9,1
DA:11,1
DA:18,1
DA:27,1
DA:28,4
DA:29,0
DA:31,4
DA:34,1
DA:44,2
DA:46,2
DA:47,2
DA:48,2
DA:51,2
DA:52,1
DA:53,1
DA:54,1
DA:58,2
DA:59,0
DA:60,0
DA:61,0
DA:64,2
DA:70,2
DA:72,2
DA:82,0
DA:91,0
DA:97,0
DA:99,0
DA:108,1
DA:109,1
DA:111,1
DA:112,1
DA:113,1
DA:114,1
DA:115,1
DA:117,1
DA:120,1
DA:121,1
DA:124,1
DA:130,0
DA:131,0
DA:137,0
DA:138,0
DA:141,0
DA:148,0
DA:153,1
DA:154,1
DA:157,1
DA:158,1
DA:159,1
DA:165,1
DA:167,1
DA:170,1
DA:173,1
DA:176,1
DA:180,1
DA:181,1
DA:182,1
DA:183,1
DA:187,1
DA:188,1
DA:192,1
DA:197,1
DA:202,1
DA:203,1
DA:206,1
DA:208,3
DA:210,3
DA:217,1
DA:218,3
DA:221,1
DA:224,1
DA:227,1
DA:230,1
DA:234,1
DA:235,1
DA:236,1
DA:237,1
DA:241,1
DA:242,1
DA:249,1
DA:254,1
DA:259,0
DA:265,0
DA:266,0
DA:267,0
DA:272,1
LF:94
LH:76
BRDA:28,0,0,0
BRDA:28,0,1,4
BRDA:31,1,0,3
BRDA:31,1,1,1
BRDA:31,2,0,4
BRDA:31,2,1,3
BRDA:46,3,0,0
BRDA:46,3,1,2
BRDA:47,4,0,1
BRDA:47,4,1,1
BRDA:48,5,0,0
BRDA:48,5,1,2
BRDA:51,6,0,1
BRDA:51,6,1,1
BRDA:58,7,0,0
BRDA:58,7,1,2
BRDA:109,8,0,0
BRDA:109,8,1,1
BRDA:111,9,0,1
BRDA:111,9,1,0
BRDA:112,10,0,0
BRDA:112,10,1,1
BRDA:113,11,0,0
BRDA:113,11,1,1
BRDA:114,12,0,0
BRDA:114,12,1,1
BRDA:115,13,0,0
BRDA:115,13,1,1
BRDA:120,14,0,1
BRDA:120,14,1,0
BRDA:137,15,0,0
BRDA:137,15,1,0
BRDA:154,16,0,0
BRDA:154,16,1,1
BRDA:157,17,0,1
BRDA:157,17,1,0
BRDA:180,18,0,1
BRDA:180,18,1,0
BRDA:187,19,0,1
BRDA:187,19,1,0
BRDA:234,20,0,1
BRDA:234,20,1,0
BRDA:241,21,0,1
BRDA:241,21,1,0
BRDA:266,22,0,0
BRDA:266,22,1,0
BRDA:266,23,0,0
BRDA:266,23,1,0
BRF:48
BRH:25
end_of_record
TN:
SF:src\features\documents\analysis\suggested-focus.service.ts
FN:44,(anonymous_0)
FN:64,(anonymous_1)
FN:70,(anonymous_2)
FN:87,(anonymous_3)
FNF:4
FNH:4
FNDA:21,(anonymous_0)
FNDA:5,(anonymous_1)
FNDA:12,(anonymous_2)
FNDA:16,(anonymous_3)
DA:1,1
DA:5,1
DA:11,1
DA:12,1
DA:13,1
DA:32,1
DA:49,21
DA:51,21
DA:52,21
DA:54,21
DA:56,21
DA:65,5
DA:70,12
DA:87,16
DA:89,5
LF:15
LH:15
BRDA:49,0,0,21
BRDA:49,0,1,0
BRDA:54,1,0,6
BRDA:54,1,1,15
BRF:4
BRH:3
end_of_record
TN:
SF:src\features\documents\chat\document-chat.service.ts
FN:20,(anonymous_1)
FN:27,(anonymous_2)
FN:38,(anonymous_3)
FN:58,(anonymous_4)
FN:72,(anonymous_5)
FNF:5
FNH:4
FNDA:8,(anonymous_1)
FNDA:0,(anonymous_2)
FNDA:2,(anonymous_3)
FNDA:1,(anonymous_4)
FNDA:1,(anonymous_5)
DA:1,2
DA:3,2
DA:4,2
DA:5,2
DA:6,2
DA:10,2
DA:12,2
DA:14,2
DA:21,8
DA:28,0
DA:43,2
DA:44,2
DA:47,2
DA:57,2
DA:58,2
DA:60,2
DA:61,1
DA:65,1
DA:70,1
DA:73,1
DA:77,1
DA:93,1
DA:94,1
DA:97,1
DA:102,1
LF:25
LH:24
BRDA:60,0,0,1
BRDA:60,0,1,1
BRDA:73,1,0,1
BRDA:73,1,1,0
BRF:4
BRH:3
end_of_record
TN:
SF:src\features\documents\upload\upload.service.ts
FN:12,(anonymous_1)
FN:26,(anonymous_2)
FN:41,(anonymous_3)
FN:47,(anonymous_4)
FN:64,(anonymous_5)
FN:73,(anonymous_6)
FN:79,(anonymous_7)
FN:88,(anonymous_8)
FN:93,(anonymous_9)
FN:127,(anonymous_10)
FN:167,(anonymous_11)
FN:179,(anonymous_12)
FN:224,(anonymous_13)
FN:304,(anonymous_14)
FN:304,(anonymous_15)
FN:314,(anonymous_16)
FN:315,(anonymous_17)
FNF:17
FNH:13
FNDA:5,(anonymous_1)
FNDA:5,(anonymous_2)
FNDA:5,(anonymous_3)
FNDA:5,(anonymous_4)
FNDA:5,(anonymous_5)
FNDA:0,(anonymous_6)
FNDA:5,(anonymous_7)
FNDA:0,(anonymous_8)
FNDA:5,(anonymous_9)
FNDA:6,(anonymous_10)
FNDA:0,(anonymous_11)
FNDA:7,(anonymous_12)
FNDA:10,(anonymous_13)
FNDA:5,(anonymous_14)
FNDA:5,(anonymous_15)
FNDA:5,(anonymous_16)
FNDA:0,(anonymous_17)
DA:1,1
DA:2,1
DA:3,1
DA:4,1
DA:5,1
DA:6,1
DA:8,1
DA:12,1
DA:13,5
DA:14,1
DA:19,0
DA:21,1
DA:22,1
DA:23,0
DA:26,1
DA:27,5
DA:29,4
DA:31,1
DA:33,0
DA:35,0
DA:37,0
DA:41,1
DA:47,5
DA:49,5
DA:53,5
DA:54,5
DA:56,5
DA:65,5
DA:66,5
DA:69,5
DA:73,1
DA:74,0
DA:75,0
DA:76,0
DA:79,1
DA:84,5
DA:85,5
DA:87,5
DA:88,5
DA:89,5
DA:90,5
DA:93,1
DA:94,5
DA:96,0
DA:97,0
DA:98,0
DA:100,0
DA:101,0
DA:102,0
DA:103,0
DA:104,0
DA:106,0
DA:122,1
DA:128,6
DA:131,6
DA:137,6
DA:138,1
DA:145,5
DA:146,1
DA:149,6
DA:164,6
DA:167,6
DA:168,0
DA:171,6
DA:185,7
DA:186,7
DA:187,7
DA:188,7
DA:189,7
DA:191,7
DA:192,8
DA:193,8
DA:196,8
DA:197,8
DA:199,8
DA:200,3
DA:201,3
DA:202,3
DA:206,5
DA:207,5
DA:208,5
DA:209,5
DA:211,5
DA:212,5
DA:215,5
DA:216,5
DA:224,10
DA:226,5
DA:227,5
DA:228,5
DA:229,5
DA:233,5
DA:235,5
DA:236,5
DA:238,5
DA:239,5
DA:240,0
DA:242,5
DA:243,5
DA:245,5
DA:251,5
DA:252,5
DA:259,0
DA:260,0
DA:263,5
DA:265,5
DA:269,5
DA:270,5
DA:271,5
DA:272,5
DA:274,5
DA:275,5
DA:276,5
DA:278,5
DA:296,7
DA:297,2
DA:300,5
DA:303,5
DA:304,5
DA:306,5
DA:307,5
DA:314,5
DA:315,5
DA:316,0
DA:319,5
LF:125
LH:103
BRDA:13,0,0,4
BRDA:13,0,1,1
BRDA:14,1,0,0
BRDA:14,1,1,1
BRDA:15,2,0,1
BRDA:15,2,1,1
BRDA:15,2,2,1
BRDA:21,3,0,0
BRDA:21,3,1,1
BRDA:21,4,0,1
BRDA:21,4,1,1
BRDA:22,5,0,1
BRDA:22,5,1,0
BRDA:27,6,0,4
BRDA:27,6,1,1
BRDA:27,6,2,0
BRDA:27,6,3,0
BRDA:27,6,4,0
BRDA:49,7,0,5
BRDA:49,7,1,5
BRDA:49,7,2,5
BRDA:53,8,0,0
BRDA:53,8,1,5
BRDA:65,9,0,0
BRDA:65,9,1,5
BRDA:65,10,0,5
BRDA:65,10,1,5
BRDA:65,11,0,0
BRDA:65,11,1,0
BRDA:75,12,0,0
BRDA:75,12,1,0
BRDA:84,13,0,5
BRDA:84,13,1,0
BRDA:85,14,0,0
BRDA:85,14,1,5
BRDA:94,15,0,5
BRDA:94,15,1,0
BRDA:98,16,0,0
BRDA:98,16,1,0
BRDA:137,17,0,1
BRDA:137,17,1,5
BRDA:145,18,0,1
BRDA:145,18,1,4
BRDA:151,19,0,6
BRDA:151,19,1,5
BRDA:156,20,0,0
BRDA:156,20,1,6
BRDA:199,21,0,3
BRDA:199,21,1,5
BRDA:208,22,0,4
BRDA:208,22,1,1
BRDA:209,23,0,1
BRDA:209,23,1,4
BRDA:212,24,0,5
BRDA:212,24,1,4
BRDA:224,25,0,10
BRDA:224,25,1,5
BRDA:226,26,0,5
BRDA:226,26,1,0
BRDA:228,27,0,5
BRDA:228,27,1,0
BRDA:228,28,0,5
BRDA:228,28,1,0
BRDA:228,28,2,0
BRDA:233,29,0,5
BRDA:233,29,1,0
BRDA:239,30,0,0
BRDA:239,30,1,5
BRDA:243,31,0,0
BRDA:243,31,1,5
BRDA:251,32,0,5
BRDA:251,32,1,0
BRDA:259,33,0,0
BRDA:259,33,1,0
BRDA:259,34,0,0
BRDA:259,34,1,0
BRDA:269,35,0,5
BRDA:269,35,1,0
BRDA:271,36,0,5
BRDA:271,36,1,5
BRDA:289,37,0,0
BRDA:289,37,1,5
BRDA:296,38,0,2
BRDA:296,38,1,5
BRDA:306,39,0,5
BRDA:306,39,1,0
BRF:86
BRH:53
end_of_record
TN:
SF:src\features\folders\folder.model.ts
FNF:0
FNH:0
DA:1,2
DA:14,2
DA:51,2
DA:53,2
LF:4
LH:4
BRF:0
BRH:0
end_of_record
TN:
SF:src\features\folders\folder.service.ts
FN:29,(anonymous_1)
FN:38,(anonymous_2)
FN:82,(anonymous_3)
FN:108,(anonymous_4)
FN:184,(anonymous_5)
FN:193,(anonymous_6)
FN:231,(anonymous_7)
FN:244,(anonymous_8)
FN:254,(anonymous_9)
FN:255,(anonymous_10)
FN:262,(anonymous_11)
FN:275,(anonymous_12)
FN:291,(anonymous_13)
FN:303,(anonymous_14)
FN:320,(anonymous_15)
FN:325,(anonymous_16)
FN:382,(anonymous_17)
FN:384,(anonymous_18)
FN:385,(anonymous_19)
FNF:19
FNH:11
FNDA:2,(anonymous_1)
FNDA:4,(anonymous_2)
FNDA:1,(anonymous_3)
FNDA:0,(anonymous_4)
FNDA:0,(anonymous_5)
FNDA:3,(anonymous_6)
FNDA:2,(anonymous_7)
FNDA:2,(anonymous_8)
FNDA:2,(anonymous_9)
FNDA:2,(anonymous_10)
FNDA:2,(anonymous_11)
FNDA:1,(anonymous_12)
FNDA:1,(anonymous_13)
FNDA:0,(anonymous_14)
FNDA:0,(anonymous_15)
FNDA:0,(anonymous_16)
FNDA:0,(anonymous_17)
FNDA:0,(anonymous_18)
FNDA:0,(anonymous_19)
DA:2,1
DA:3,1
DA:4,1
DA:5,1
DA:7,1
DA:8,1
DA:9,1
DA:10,1
DA:11,1
DA:13,1
DA:20,1
DA:29,1
DA:30,2
DA:31,0
DA:33,2
DA:36,1
DA:43,4
DA:46,4
DA:47,0
DA:48,0
DA:49,0
DA:50,0
DA:51,0
DA:52,0
DA:53,0
DA:56,4
DA:61,4
DA:64,3
DA:65,3
DA:66,2
DA:67,2
DA:68,1
DA:71,2
DA:78,2
DA:98,1
DA:99,1
DA:100,0
DA:101,0
DA:102,0
DA:103,0
DA:104,0
DA:108,0
DA:110,0
DA:114,0
DA:115,0
DA:120,0
DA:122,1
DA:125,1
DA:126,1
DA:127,1
DA:128,1
DA:130,1
DA:131,1
DA:134,1
DA:135,1
DA:137,1
DA:139,1
DA:140,1
DA:141,1
DA:142,1
DA:147,1
DA:148,1
DA:149,1
DA:155,0
DA:156,0
DA:162,0
DA:166,1
DA:167,1
DA:169,1
DA:170,1
DA:172,1
DA:173,0
DA:174,0
DA:175,0
DA:177,0
DA:178,0
DA:179,0
DA:182,0
DA:183,0
DA:184,0
DA:189,1
DA:198,3
DA:199,3
DA:201,2
DA:202,2
DA:203,0
DA:204,0
DA:205,0
DA:206,0
DA:207,0
DA:208,0
DA:209,0
DA:212,2
DA:218,2
DA:221,1
DA:222,1
DA:223,1
DA:224,1
DA:226,1
DA:227,1
DA:235,2
DA:236,2
DA:238,1
DA:239,1
DA:244,2
DA:246,1
DA:252,1
DA:254,2
DA:256,2
DA:262,2
DA:263,1
DA:264,1
DA:267,1
DA:270,1
DA:274,1
DA:275,1
DA:276,1
DA:277,1
DA:281,1
DA:282,1
DA:284,1
DA:292,1
DA:308,0
DA:309,0
DA:312,0
DA:313,0
DA:319,0
DA:320,0
DA:323,0
DA:325,0
DA:328,0
DA:329,0
DA:330,0
DA:334,0
DA:337,0
DA:339,0
DA:340,0
DA:343,0
DA:344,0
DA:351,0
DA:352,0
DA:353,0
DA:356,0
DA:359,0
DA:360,0
DA:361,0
DA:362,0
DA:365,0
DA:367,0
DA:368,0
DA:369,0
DA:370,0
DA:373,0
DA:376,0
DA:382,0
DA:383,0
DA:384,0
DA:385,0
DA:388,0
DA:389,0
LF:160
LH:85
BRDA:30,0,0,0
BRDA:30,0,1,2
BRDA:33,1,0,1
BRDA:33,1,1,1
BRDA:33,2,0,2
BRDA:33,2,1,2
BRDA:46,3,0,0
BRDA:46,3,1,4
BRDA:49,4,0,0
BRDA:49,4,1,0
BRDA:53,5,0,0
BRDA:53,5,1,0
BRDA:59,6,0,4
BRDA:59,6,1,1
BRDA:61,7,0,1
BRDA:61,7,1,3
BRDA:65,8,0,2
BRDA:65,8,1,1
BRDA:67,9,0,1
BRDA:67,9,1,1
BRDA:74,10,0,2
BRDA:74,10,1,1
BRDA:89,11,0,0
BRDA:90,12,0,0
BRDA:99,13,0,0
BRDA:99,13,1,1
BRDA:99,14,0,1
BRDA:99,14,1,1
BRDA:100,15,0,0
BRDA:100,15,1,0
BRDA:102,16,0,0
BRDA:102,16,1,0
BRDA:114,17,0,0
BRDA:114,17,1,0
BRDA:120,18,0,0
BRDA:120,18,1,0
BRDA:126,19,0,1
BRDA:126,19,1,0
BRDA:126,20,0,1
BRDA:126,20,1,1
BRDA:134,21,0,1
BRDA:134,21,1,0
BRDA:139,22,0,1
BRDA:139,22,1,0
BRDA:139,23,0,1
BRDA:139,23,1,1
BRDA:140,24,0,1
BRDA:140,24,1,0
BRDA:148,25,0,1
BRDA:148,25,1,0
BRDA:169,26,0,1
BRDA:169,26,1,0
BRDA:172,27,0,0
BRDA:172,27,1,1
BRDA:178,28,0,0
BRDA:178,28,1,0
BRDA:182,29,0,0
BRDA:182,29,1,0
BRDA:199,30,0,1
BRDA:199,30,1,2
BRDA:202,31,0,0
BRDA:202,31,1,2
BRDA:206,32,0,0
BRDA:206,32,1,0
BRDA:218,33,0,1
BRDA:218,33,1,1
BRDA:236,34,0,1
BRDA:236,34,1,1
BRDA:263,35,0,1
BRDA:263,35,1,0
BRDA:274,36,0,1
BRDA:274,36,1,0
BRDA:309,37,0,0
BRDA:309,37,1,0
BRDA:328,38,0,0
BRDA:328,38,1,0
BRDA:339,39,0,0
BRDA:339,39,1,0
BRDA:351,40,0,0
BRDA:351,40,1,0
BRDA:352,41,0,0
BRDA:352,41,1,0
BRDA:352,42,0,0
BRDA:352,42,1,0
BRDA:359,43,0,0
BRDA:359,43,1,0
BRDA:360,44,0,0
BRDA:360,44,1,0
BRDA:365,45,0,0
BRDA:365,45,1,0
BRDA:368,46,0,0
BRDA:368,46,1,0
BRF:92
BRH:39
end_of_record
TN:
SF:src\features\payments\payment.controller.ts
FN:12,(anonymous_0)
FN:67,(anonymous_1)
FN:117,(anonymous_2)
FNF:3
FNH:3
FNDA:5,(anonymous_0)
FNDA:1,(anonymous_1)
FNDA:5,(anonymous_2)
DA:2,1
DA:3,1
DA:4,1
DA:5,1
DA:7,1
DA:13,5
DA:14,5
DA:15,5
DA:17,4
DA:18,4
DA:20,3
DA:22,3
DA:23,1
DA:26,2
DA:27,1
DA:31,1
DA:32,1
DA:34,1
DA:39,1
DA:54,1
DA:59,0
DA:68,1
DA:69,1
DA:70,1
DA:71,1
DA:73,1
DA:74,1
DA:75,1
DA:78,1
DA:79,1
DA:85,1
DA:86,1
DA:87,1
DA:88,1
DA:90,1
DA:109,0
DA:118,5
DA:119,5
DA:120,5
DA:122,5
DA:123,5
DA:125,5
DA:126,1
DA:129,4
DA:130,4
DA:131,1
DA:134,3
DA:135,1
DA:139,2
DA:140,2
DA:141,2
DA:142,2
DA:145,2
DA:146,1
DA:147,1
DA:148,1
DA:149,1
DA:150,1
DA:154,2
DA:159,0
LF:60
LH:57
BRDA:14,0,0,5
BRDA:14,0,1,1
BRDA:15,1,0,1
BRDA:15,1,1,4
BRDA:18,2,0,1
BRDA:18,2,1,3
BRDA:20,3,0,3
BRDA:20,3,1,0
BRDA:22,4,0,1
BRDA:22,4,1,2
BRDA:22,5,0,3
BRDA:22,5,1,3
BRDA:22,5,2,2
BRDA:22,5,3,2
BRDA:22,5,4,2
BRDA:26,6,0,1
BRDA:26,6,1,1
BRDA:26,7,0,2
BRDA:26,7,1,1
BRDA:70,8,0,1
BRDA:70,8,1,0
BRDA:71,9,0,1
BRDA:71,9,1,0
BRDA:74,10,0,1
BRDA:74,10,1,0
BRDA:119,11,0,5
BRDA:119,11,1,0
BRDA:120,12,0,0
BRDA:120,12,1,5
BRDA:123,13,0,5
BRDA:123,13,1,0
BRDA:125,14,0,1
BRDA:125,14,1,4
BRDA:125,15,0,5
BRDA:125,15,1,5
BRDA:130,16,0,1
BRDA:130,16,1,3
BRDA:134,17,0,1
BRDA:134,17,1,2
BRDA:145,18,0,1
BRDA:145,18,1,1
BRDA:147,19,0,1
BRDA:147,19,1,0
BRF:43
BRH:35
end_of_record
TN:
SF:src\features\settings\settings.service.ts
FN:12,(anonymous_0)
FN:33,(anonymous_1)
FN:60,(anonymous_2)
FN:86,(anonymous_3)
FNF:4
FNH:4
FNDA:2,(anonymous_0)
FNDA:2,(anonymous_1)
FNDA:1,(anonymous_2)
FNDA:1,(anonymous_3)
DA:1,1
DA:2,1
DA:3,1
DA:11,1
DA:13,2
DA:14,2
DA:16,1
DA:17,1
DA:19,1
DA:34,2
DA:35,2
DA:37,1
DA:38,1
DA:39,1
DA:41,1
DA:43,1
DA:44,1
DA:46,1
DA:61,1
DA:62,1
DA:64,1
DA:65,1
DA:66,1
DA:67,1
DA:69,1
DA:70,1
DA:72,1
DA:87,1
DA:88,1
DA:90,1
LF:30
LH:30
BRDA:14,0,0,1
BRDA:14,0,1,1
BRDA:20,1,0,1
BRDA:20,1,1,0
BRDA:21,2,0,1
BRDA:21,2,1,0
BRDA:22,3,0,1
BRDA:22,3,1,0
BRDA:35,4,0,1
BRDA:35,4,1,1
BRDA:37,5,0,1
BRDA:37,5,1,0
BRDA:38,6,0,0
BRDA:38,6,1,1
BRDA:39,7,0,0
BRDA:39,7,1,1
BRDA:62,8,0,0
BRDA:62,8,1,1
BRF:18
BRH:11
end_of_record
TN:
SF:src\features\users\user.service.ts
FN:5,(anonymous_1)
FN:9,(anonymous_2)
FNF:2
FNH:2
FNDA:1,(anonymous_1)
FNDA:7,(anonymous_2)
DA:1,1
DA:2,1
DA:4,1
DA:6,1
DA:26,7
DA:27,7
DA:29,6
DA:30,1
DA:31,1
DA:32,1
DA:33,0
DA:36,5
DA:37,1
DA:38,1
DA:39,1
DA:40,0
DA:43,4
DA:44,4
DA:47,4
DA:48,0
DA:50,4
DA:51,0
DA:53,4
DA:54,0
DA:56,4
DA:57,0
DA:59,4
DA:60,0
DA:62,4
DA:63,0
DA:66,4
DA:67,3
DA:68,1
DA:71,2
DA:72,2
DA:73,1
DA:76,1
DA:77,1
DA:80,2
DA:81,2
LF:40
LH:32
BRDA:27,0,0,1
BRDA:27,0,1,6
BRDA:29,1,0,1
BRDA:29,1,1,5
BRDA:29,2,0,6
BRDA:29,2,1,1
BRDA:31,3,0,1
BRDA:31,3,1,0
BRDA:36,4,0,1
BRDA:36,4,1,4
BRDA:36,5,0,5
BRDA:36,5,1,1
BRDA:38,6,0,1
BRDA:38,6,1,0
BRDA:43,7,0,1
BRDA:43,7,1,3
BRDA:44,8,0,1
BRDA:44,8,1,3
BRDA:47,9,0,0
BRDA:47,9,1,4
BRDA:50,10,0,0
BRDA:50,10,1,4
BRDA:53,11,0,0
BRDA:53,11,1,4
BRDA:56,12,0,0
BRDA:56,12,1,4
BRDA:59,13,0,0
BRDA:59,13,1,4
BRDA:62,14,0,0
BRDA:62,14,1,4
BRDA:66,15,0,3
BRDA:66,15,1,1
BRDA:67,16,0,1
BRDA:67,16,1,2
BRDA:72,17,0,1
BRDA:72,17,1,1
BRF:36
BRH:28
end_of_record
